[2020-06-22T22:27:19.896Z : [31merror[39m] - uncaughtException: 'super' keyword unexpected here
/home/nathan/Apps/node-template/src/services/sample/sample.js:14
        super();
        ^^^^^

SyntaxError: 'super' keyword unexpected here
    at Object.compileFunction (vm.js:344:18)
    at wrapSafe (internal/modules/cjs/loader.js:1106:15)
    at Module._compile (internal/modules/cjs/loader.js:1140:27)
    at Object.Module._extensions..js (internal/modules/cjs/loader.js:1196:10)
    at Module.load (internal/modules/cjs/loader.js:1040:32)
    at Function.Module._load (internal/modules/cjs/loader.js:929:14)
    at Module.require (internal/modules/cjs/loader.js:1080:19)
    at require (internal/modules/cjs/helpers.js:72:18)
    at Object.<anonymous> (/home/nathan/Apps/node-template/src/routes/sample.js:6:23)
    at Module._compile (internal/modules/cjs/loader.js:1176:30)
    at Object.Module._extensions..js (internal/modules/cjs/loader.js:1196:10)
    at Module.load (internal/modules/cjs/loader.js:1040:32)
    at Function.Module._load (internal/modules/cjs/loader.js:929:14)
    at Module.require (internal/modules/cjs/loader.js:1080:19)
    at require (internal/modules/cjs/helpers.js:72:18)
    at Object.<anonymous> (/home/nathan/Apps/node-template/src/routes/config.js:23:30)
[2020-06-22T22:28:57.115Z : [31merror[39m] - uncaughtException: Class constructor SampleService cannot be invoked without 'new'
TypeError: Class constructor SampleService cannot be invoked without 'new'
    at Object.<anonymous> (/home/nathan/Apps/node-template/src/services/sample/sample.js:102:18)
    at Module._compile (internal/modules/cjs/loader.js:1176:30)
    at Object.Module._extensions..js (internal/modules/cjs/loader.js:1196:10)
    at Module.load (internal/modules/cjs/loader.js:1040:32)
    at Function.Module._load (internal/modules/cjs/loader.js:929:14)
    at Module.require (internal/modules/cjs/loader.js:1080:19)
    at require (internal/modules/cjs/helpers.js:72:18)
    at Object.<anonymous> (/home/nathan/Apps/node-template/src/routes/sample.js:6:23)
    at Module._compile (internal/modules/cjs/loader.js:1176:30)
    at Object.Module._extensions..js (internal/modules/cjs/loader.js:1196:10)
    at Module.load (internal/modules/cjs/loader.js:1040:32)
    at Function.Module._load (internal/modules/cjs/loader.js:929:14)
    at Module.require (internal/modules/cjs/loader.js:1080:19)
    at require (internal/modules/cjs/helpers.js:72:18)
    at Object.<anonymous> (/home/nathan/Apps/node-template/src/routes/config.js:23:30)
    at Module._compile (internal/modules/cjs/loader.js:1176:30)
[2020-06-22T22:29:52.549Z : [31merror[39m] - uncaughtException: Class constructor SampleService cannot be invoked without 'new'
TypeError: Class constructor SampleService cannot be invoked without 'new'
    at Object.<anonymous> (/home/nathan/Apps/node-template/src/services/sample/sample.js:96:18)
    at Module._compile (internal/modules/cjs/loader.js:1176:30)
    at Object.Module._extensions..js (internal/modules/cjs/loader.js:1196:10)
    at Module.load (internal/modules/cjs/loader.js:1040:32)
    at Function.Module._load (internal/modules/cjs/loader.js:929:14)
    at Module.require (internal/modules/cjs/loader.js:1080:19)
    at require (internal/modules/cjs/helpers.js:72:18)
    at Object.<anonymous> (/home/nathan/Apps/node-template/src/routes/sample.js:6:23)
    at Module._compile (internal/modules/cjs/loader.js:1176:30)
    at Object.Module._extensions..js (internal/modules/cjs/loader.js:1196:10)
    at Module.load (internal/modules/cjs/loader.js:1040:32)
    at Function.Module._load (internal/modules/cjs/loader.js:929:14)
    at Module.require (internal/modules/cjs/loader.js:1080:19)
    at require (internal/modules/cjs/helpers.js:72:18)
    at Object.<anonymous> (/home/nathan/Apps/node-template/src/routes/config.js:23:30)
    at Module._compile (internal/modules/cjs/loader.js:1176:30)
[2020-06-22T22:30:12.774Z : [31merror[39m] - uncaughtException: Class constructor SampleService cannot be invoked without 'new'
TypeError: Class constructor SampleService cannot be invoked without 'new'
    at Object.<anonymous> (/home/nathan/Apps/node-template/src/services/sample/sample.js:96:18)
    at Module._compile (internal/modules/cjs/loader.js:1176:30)
    at Object.Module._extensions..js (internal/modules/cjs/loader.js:1196:10)
    at Module.load (internal/modules/cjs/loader.js:1040:32)
    at Function.Module._load (internal/modules/cjs/loader.js:929:14)
    at Module.require (internal/modules/cjs/loader.js:1080:19)
    at require (internal/modules/cjs/helpers.js:72:18)
    at Object.<anonymous> (/home/nathan/Apps/node-template/src/routes/sample.js:6:23)
    at Module._compile (internal/modules/cjs/loader.js:1176:30)
    at Object.Module._extensions..js (internal/modules/cjs/loader.js:1196:10)
    at Module.load (internal/modules/cjs/loader.js:1040:32)
    at Function.Module._load (internal/modules/cjs/loader.js:929:14)
    at Module.require (internal/modules/cjs/loader.js:1080:19)
    at require (internal/modules/cjs/helpers.js:72:18)
    at Object.<anonymous> (/home/nathan/Apps/node-template/src/routes/config.js:23:30)
    at Module._compile (internal/modules/cjs/loader.js:1176:30)
[2020-06-22T22:31:26.356Z : [31merror[39m] - uncaughtException: Class constructor SampleService cannot be invoked without 'new'
TypeError: Class constructor SampleService cannot be invoked without 'new'
    at Object.<anonymous> (/home/nathan/Apps/node-template/src/services/sample/sample.js:98:18)
    at Module._compile (internal/modules/cjs/loader.js:1176:30)
    at Object.Module._extensions..js (internal/modules/cjs/loader.js:1196:10)
    at Module.load (internal/modules/cjs/loader.js:1040:32)
    at Function.Module._load (internal/modules/cjs/loader.js:929:14)
    at Module.require (internal/modules/cjs/loader.js:1080:19)
    at require (internal/modules/cjs/helpers.js:72:18)
    at Object.<anonymous> (/home/nathan/Apps/node-template/src/routes/sample.js:6:23)
    at Module._compile (internal/modules/cjs/loader.js:1176:30)
    at Object.Module._extensions..js (internal/modules/cjs/loader.js:1196:10)
    at Module.load (internal/modules/cjs/loader.js:1040:32)
    at Function.Module._load (internal/modules/cjs/loader.js:929:14)
    at Module.require (internal/modules/cjs/loader.js:1080:19)
    at require (internal/modules/cjs/helpers.js:72:18)
    at Object.<anonymous> (/home/nathan/Apps/node-template/src/routes/config.js:23:30)
    at Module._compile (internal/modules/cjs/loader.js:1176:30)
[2020-06-22T22:32:06.403Z : [31merror[39m] - uncaughtException: Class constructor SampleService cannot be invoked without 'new'
TypeError: Class constructor SampleService cannot be invoked without 'new'
    at Object.<anonymous> (/home/nathan/Apps/node-template/src/services/sample/sample.js:98:18)
    at Module._compile (internal/modules/cjs/loader.js:1176:30)
    at Object.Module._extensions..js (internal/modules/cjs/loader.js:1196:10)
    at Module.load (internal/modules/cjs/loader.js:1040:32)
    at Function.Module._load (internal/modules/cjs/loader.js:929:14)
    at Module.require (internal/modules/cjs/loader.js:1080:19)
    at require (internal/modules/cjs/helpers.js:72:18)
    at Object.<anonymous> (/home/nathan/Apps/node-template/src/routes/sample.js:6:23)
    at Module._compile (internal/modules/cjs/loader.js:1176:30)
    at Object.Module._extensions..js (internal/modules/cjs/loader.js:1196:10)
    at Module.load (internal/modules/cjs/loader.js:1040:32)
    at Function.Module._load (internal/modules/cjs/loader.js:929:14)
    at Module.require (internal/modules/cjs/loader.js:1080:19)
    at require (internal/modules/cjs/helpers.js:72:18)
    at Object.<anonymous> (/home/nathan/Apps/node-template/src/routes/config.js:23:30)
    at Module._compile (internal/modules/cjs/loader.js:1176:30)
[2020-06-22T22:32:10.652Z : [31merror[39m] - uncaughtException: Class constructor SampleService cannot be invoked without 'new'
TypeError: Class constructor SampleService cannot be invoked without 'new'
    at Object.<anonymous> (/home/nathan/Apps/node-template/src/services/sample/sample.js:98:18)
    at Module._compile (internal/modules/cjs/loader.js:1176:30)
    at Object.Module._extensions..js (internal/modules/cjs/loader.js:1196:10)
    at Module.load (internal/modules/cjs/loader.js:1040:32)
    at Function.Module._load (internal/modules/cjs/loader.js:929:14)
    at Module.require (internal/modules/cjs/loader.js:1080:19)
    at require (internal/modules/cjs/helpers.js:72:18)
    at Object.<anonymous> (/home/nathan/Apps/node-template/src/routes/sample.js:6:23)
    at Module._compile (internal/modules/cjs/loader.js:1176:30)
    at Object.Module._extensions..js (internal/modules/cjs/loader.js:1196:10)
    at Module.load (internal/modules/cjs/loader.js:1040:32)
    at Function.Module._load (internal/modules/cjs/loader.js:929:14)
    at Module.require (internal/modules/cjs/loader.js:1080:19)
    at require (internal/modules/cjs/helpers.js:72:18)
    at Object.<anonymous> (/home/nathan/Apps/node-template/src/routes/config.js:23:30)
    at Module._compile (internal/modules/cjs/loader.js:1176:30)
[2020-06-22T22:32:14.175Z : [31merror[39m] - uncaughtException: Class constructor SampleService cannot be invoked without 'new'
TypeError: Class constructor SampleService cannot be invoked without 'new'
    at Object.<anonymous> (/home/nathan/Apps/node-template/src/services/sample/sample.js:98:18)
    at Module._compile (internal/modules/cjs/loader.js:1176:30)
    at Object.Module._extensions..js (internal/modules/cjs/loader.js:1196:10)
    at Module.load (internal/modules/cjs/loader.js:1040:32)
    at Function.Module._load (internal/modules/cjs/loader.js:929:14)
    at Module.require (internal/modules/cjs/loader.js:1080:19)
    at require (internal/modules/cjs/helpers.js:72:18)
    at Object.<anonymous> (/home/nathan/Apps/node-template/src/routes/sample.js:6:23)
    at Module._compile (internal/modules/cjs/loader.js:1176:30)
    at Object.Module._extensions..js (internal/modules/cjs/loader.js:1196:10)
    at Module.load (internal/modules/cjs/loader.js:1040:32)
    at Function.Module._load (internal/modules/cjs/loader.js:929:14)
    at Module.require (internal/modules/cjs/loader.js:1080:19)
    at require (internal/modules/cjs/helpers.js:72:18)
    at Object.<anonymous> (/home/nathan/Apps/node-template/src/routes/config.js:23:30)
    at Module._compile (internal/modules/cjs/loader.js:1176:30)
[2020-06-22T22:32:17.365Z : [31merror[39m] - uncaughtException: Class constructor SampleService cannot be invoked without 'new'
TypeError: Class constructor SampleService cannot be invoked without 'new'
    at Object.<anonymous> (/home/nathan/Apps/node-template/src/services/sample/sample.js:98:18)
    at Module._compile (internal/modules/cjs/loader.js:1176:30)
    at Object.Module._extensions..js (internal/modules/cjs/loader.js:1196:10)
    at Module.load (internal/modules/cjs/loader.js:1040:32)
    at Function.Module._load (internal/modules/cjs/loader.js:929:14)
    at Module.require (internal/modules/cjs/loader.js:1080:19)
    at require (internal/modules/cjs/helpers.js:72:18)
    at Object.<anonymous> (/home/nathan/Apps/node-template/src/routes/sample.js:6:23)
    at Module._compile (internal/modules/cjs/loader.js:1176:30)
    at Object.Module._extensions..js (internal/modules/cjs/loader.js:1196:10)
    at Module.load (internal/modules/cjs/loader.js:1040:32)
    at Function.Module._load (internal/modules/cjs/loader.js:929:14)
    at Module.require (internal/modules/cjs/loader.js:1080:19)
    at require (internal/modules/cjs/helpers.js:72:18)
    at Object.<anonymous> (/home/nathan/Apps/node-template/src/routes/config.js:23:30)
    at Module._compile (internal/modules/cjs/loader.js:1176:30)
[2020-06-22T22:32:35.671Z : [31merror[39m] - uncaughtException: Class constructor SampleService cannot be invoked without 'new'
TypeError: Class constructor SampleService cannot be invoked without 'new'
    at Object.<anonymous> (/home/nathan/Apps/node-template/src/services/sample/sample.js:98:18)
    at Module._compile (internal/modules/cjs/loader.js:1176:30)
    at Object.Module._extensions..js (internal/modules/cjs/loader.js:1196:10)
    at Module.load (internal/modules/cjs/loader.js:1040:32)
    at Function.Module._load (internal/modules/cjs/loader.js:929:14)
    at Module.require (internal/modules/cjs/loader.js:1080:19)
    at require (internal/modules/cjs/helpers.js:72:18)
    at Object.<anonymous> (/home/nathan/Apps/node-template/src/routes/sample.js:6:23)
    at Module._compile (internal/modules/cjs/loader.js:1176:30)
    at Object.Module._extensions..js (internal/modules/cjs/loader.js:1196:10)
    at Module.load (internal/modules/cjs/loader.js:1040:32)
    at Function.Module._load (internal/modules/cjs/loader.js:929:14)
    at Module.require (internal/modules/cjs/loader.js:1080:19)
    at require (internal/modules/cjs/helpers.js:72:18)
    at Object.<anonymous> (/home/nathan/Apps/node-template/src/routes/config.js:23:30)
    at Module._compile (internal/modules/cjs/loader.js:1176:30)
[2020-06-22T22:32:44.574Z : [31merror[39m] - uncaughtException: Class constructor SampleService cannot be invoked without 'new'
TypeError: Class constructor SampleService cannot be invoked without 'new'
    at Object.<anonymous> (/home/nathan/Apps/node-template/src/services/sample/sample.js:98:18)
    at Module._compile (internal/modules/cjs/loader.js:1176:30)
    at Object.Module._extensions..js (internal/modules/cjs/loader.js:1196:10)
    at Module.load (internal/modules/cjs/loader.js:1040:32)
    at Function.Module._load (internal/modules/cjs/loader.js:929:14)
    at Module.require (internal/modules/cjs/loader.js:1080:19)
    at require (internal/modules/cjs/helpers.js:72:18)
    at Object.<anonymous> (/home/nathan/Apps/node-template/src/routes/sample.js:6:23)
    at Module._compile (internal/modules/cjs/loader.js:1176:30)
    at Object.Module._extensions..js (internal/modules/cjs/loader.js:1196:10)
    at Module.load (internal/modules/cjs/loader.js:1040:32)
    at Function.Module._load (internal/modules/cjs/loader.js:929:14)
    at Module.require (internal/modules/cjs/loader.js:1080:19)
    at require (internal/modules/cjs/helpers.js:72:18)
    at Object.<anonymous> (/home/nathan/Apps/node-template/src/routes/config.js:23:30)
    at Module._compile (internal/modules/cjs/loader.js:1176:30)
[2020-06-22T22:33:01.556Z : [31merror[39m] - uncaughtException: Class constructor SampleService cannot be invoked without 'new'
TypeError: Class constructor SampleService cannot be invoked without 'new'
    at Object.<anonymous> (/home/nathan/Apps/node-template/src/services/sample/sample.js:98:18)
    at Module._compile (internal/modules/cjs/loader.js:1176:30)
    at Object.Module._extensions..js (internal/modules/cjs/loader.js:1196:10)
    at Module.load (internal/modules/cjs/loader.js:1040:32)
    at Function.Module._load (internal/modules/cjs/loader.js:929:14)
    at Module.require (internal/modules/cjs/loader.js:1080:19)
    at require (internal/modules/cjs/helpers.js:72:18)
    at Object.<anonymous> (/home/nathan/Apps/node-template/src/routes/sample.js:6:23)
    at Module._compile (internal/modules/cjs/loader.js:1176:30)
    at Object.Module._extensions..js (internal/modules/cjs/loader.js:1196:10)
    at Module.load (internal/modules/cjs/loader.js:1040:32)
    at Function.Module._load (internal/modules/cjs/loader.js:929:14)
    at Module.require (internal/modules/cjs/loader.js:1080:19)
    at require (internal/modules/cjs/helpers.js:72:18)
    at Object.<anonymous> (/home/nathan/Apps/node-template/src/routes/config.js:23:30)
    at Module._compile (internal/modules/cjs/loader.js:1176:30)
[2020-06-22T22:33:13.244Z : [31merror[39m] - uncaughtException: Class constructor SampleService cannot be invoked without 'new'
TypeError: Class constructor SampleService cannot be invoked without 'new'
    at Object.<anonymous> (/home/nathan/Apps/node-template/src/services/sample/sample.js:98:18)
    at Module._compile (internal/modules/cjs/loader.js:1176:30)
    at Object.Module._extensions..js (internal/modules/cjs/loader.js:1196:10)
    at Module.load (internal/modules/cjs/loader.js:1040:32)
    at Function.Module._load (internal/modules/cjs/loader.js:929:14)
    at Module.require (internal/modules/cjs/loader.js:1080:19)
    at require (internal/modules/cjs/helpers.js:72:18)
    at Object.<anonymous> (/home/nathan/Apps/node-template/src/routes/sample.js:6:23)
    at Module._compile (internal/modules/cjs/loader.js:1176:30)
    at Object.Module._extensions..js (internal/modules/cjs/loader.js:1196:10)
    at Module.load (internal/modules/cjs/loader.js:1040:32)
    at Function.Module._load (internal/modules/cjs/loader.js:929:14)
    at Module.require (internal/modules/cjs/loader.js:1080:19)
    at require (internal/modules/cjs/helpers.js:72:18)
    at Object.<anonymous> (/home/nathan/Apps/node-template/src/routes/config.js:23:30)
    at Module._compile (internal/modules/cjs/loader.js:1176:30)
[2020-06-22T22:33:26.328Z : [31merror[39m] - uncaughtException: sample_route_handler is not defined
ReferenceError: sample_route_handler is not defined
    at Object.<anonymous> (/home/nathan/Apps/node-template/src/routes/config.js:26:24)
    at Module._compile (internal/modules/cjs/loader.js:1176:30)
    at Object.Module._extensions..js (internal/modules/cjs/loader.js:1196:10)
    at Module.load (internal/modules/cjs/loader.js:1040:32)
    at Function.Module._load (internal/modules/cjs/loader.js:929:14)
    at Module.require (internal/modules/cjs/loader.js:1080:19)
    at require (internal/modules/cjs/helpers.js:72:18)
    at Object.<anonymous> (/home/nathan/Apps/node-template/index.js:16:23)
    at Module._compile (internal/modules/cjs/loader.js:1176:30)
    at Object.Module._extensions..js (internal/modules/cjs/loader.js:1196:10)
    at Module.load (internal/modules/cjs/loader.js:1040:32)
    at Function.Module._load (internal/modules/cjs/loader.js:929:14)
    at Function.executeUserEntryPoint [as runMain] (internal/modules/run_main.js:71:12)
    at internal/main/run_main_module.js:17:47
[2020-06-22T22:33:39.735Z : [31merror[39m] - uncaughtException: Class constructor SampleService cannot be invoked without 'new'
TypeError: Class constructor SampleService cannot be invoked without 'new'
    at Object.<anonymous> (/home/nathan/Apps/node-template/src/services/sample/sample.js:98:18)
    at Module._compile (internal/modules/cjs/loader.js:1176:30)
    at Object.Module._extensions..js (internal/modules/cjs/loader.js:1196:10)
    at Module.load (internal/modules/cjs/loader.js:1040:32)
    at Function.Module._load (internal/modules/cjs/loader.js:929:14)
    at Module.require (internal/modules/cjs/loader.js:1080:19)
    at require (internal/modules/cjs/helpers.js:72:18)
    at Object.<anonymous> (/home/nathan/Apps/node-template/src/routes/sample.js:6:23)
    at Module._compile (internal/modules/cjs/loader.js:1176:30)
    at Object.Module._extensions..js (internal/modules/cjs/loader.js:1196:10)
    at Module.load (internal/modules/cjs/loader.js:1040:32)
    at Function.Module._load (internal/modules/cjs/loader.js:929:14)
    at Module.require (internal/modules/cjs/loader.js:1080:19)
    at require (internal/modules/cjs/helpers.js:72:18)
    at Object.<anonymous> (/home/nathan/Apps/node-template/src/routes/config.js:23:30)
    at Module._compile (internal/modules/cjs/loader.js:1176:30)
[2020-06-22T22:33:58.519Z : [31merror[39m] - uncaughtException: Class constructor SampleService cannot be invoked without 'new'
TypeError: Class constructor SampleService cannot be invoked without 'new'
    at Object.<anonymous> (/home/nathan/Apps/node-template/src/services/sample/sample.js:98:18)
    at Module._compile (internal/modules/cjs/loader.js:1176:30)
    at Object.Module._extensions..js (internal/modules/cjs/loader.js:1196:10)
    at Module.load (internal/modules/cjs/loader.js:1040:32)
    at Function.Module._load (internal/modules/cjs/loader.js:929:14)
    at Module.require (internal/modules/cjs/loader.js:1080:19)
    at require (internal/modules/cjs/helpers.js:72:18)
    at Object.<anonymous> (/home/nathan/Apps/node-template/src/routes/sample.js:6:23)
    at Module._compile (internal/modules/cjs/loader.js:1176:30)
    at Object.Module._extensions..js (internal/modules/cjs/loader.js:1196:10)
    at Module.load (internal/modules/cjs/loader.js:1040:32)
    at Function.Module._load (internal/modules/cjs/loader.js:929:14)
    at Module.require (internal/modules/cjs/loader.js:1080:19)
    at require (internal/modules/cjs/helpers.js:72:18)
    at Object.<anonymous> (/home/nathan/Apps/node-template/src/routes/config.js:23:30)
    at Module._compile (internal/modules/cjs/loader.js:1176:30)
[2020-06-22T22:34:07.274Z : [31merror[39m] - uncaughtException: sample_service is not defined
ReferenceError: sample_service is not defined
    at Object.<anonymous> (/home/nathan/Apps/node-template/src/routes/sample.js:8:17)
    at Module._compile (internal/modules/cjs/loader.js:1176:30)
    at Object.Module._extensions..js (internal/modules/cjs/loader.js:1196:10)
    at Module.load (internal/modules/cjs/loader.js:1040:32)
    at Function.Module._load (internal/modules/cjs/loader.js:929:14)
    at Module.require (internal/modules/cjs/loader.js:1080:19)
    at require (internal/modules/cjs/helpers.js:72:18)
    at Object.<anonymous> (/home/nathan/Apps/node-template/src/routes/config.js:23:30)
    at Module._compile (internal/modules/cjs/loader.js:1176:30)
    at Object.Module._extensions..js (internal/modules/cjs/loader.js:1196:10)
    at Module.load (internal/modules/cjs/loader.js:1040:32)
    at Function.Module._load (internal/modules/cjs/loader.js:929:14)
    at Module.require (internal/modules/cjs/loader.js:1080:19)
    at require (internal/modules/cjs/helpers.js:72:18)
    at Object.<anonymous> (/home/nathan/Apps/node-template/index.js:16:23)
    at Module._compile (internal/modules/cjs/loader.js:1176:30)
[2020-06-22T22:37:01.268Z : [31merror[39m] - uncaughtException: Route.get() requires a callback function but got a [object Undefined]
Error: Route.get() requires a callback function but got a [object Undefined]
    at Route.<computed> [as get] (/home/nathan/Apps/node-template/node_modules/express/lib/router/route.js:202:15)
    at Function.proto.<computed> [as get] (/home/nathan/Apps/node-template/node_modules/express/lib/router/index.js:510:19)
    at Object.<anonymous> (/home/nathan/Apps/node-template/src/routes/sample.js:8:8)
    at Module._compile (internal/modules/cjs/loader.js:1176:30)
    at Object.Module._extensions..js (internal/modules/cjs/loader.js:1196:10)
    at Module.load (internal/modules/cjs/loader.js:1040:32)
    at Function.Module._load (internal/modules/cjs/loader.js:929:14)
    at Module.require (internal/modules/cjs/loader.js:1080:19)
    at require (internal/modules/cjs/helpers.js:72:18)
    at Object.<anonymous> (/home/nathan/Apps/node-template/src/routes/config.js:23:30)
    at Module._compile (internal/modules/cjs/loader.js:1176:30)
    at Object.Module._extensions..js (internal/modules/cjs/loader.js:1196:10)
    at Module.load (internal/modules/cjs/loader.js:1040:32)
    at Function.Module._load (internal/modules/cjs/loader.js:929:14)
    at Module.require (internal/modules/cjs/loader.js:1080:19)
    at require (internal/modules/cjs/helpers.js:72:18)
[2020-06-22T22:37:09.077Z : [31merror[39m] - uncaughtException: Route.get() requires a callback function but got a [object Undefined]
Error: Route.get() requires a callback function but got a [object Undefined]
    at Route.<computed> [as get] (/home/nathan/Apps/node-template/node_modules/express/lib/router/route.js:202:15)
    at Function.proto.<computed> [as get] (/home/nathan/Apps/node-template/node_modules/express/lib/router/index.js:510:19)
    at Object.<anonymous> (/home/nathan/Apps/node-template/src/routes/sample.js:8:8)
    at Module._compile (internal/modules/cjs/loader.js:1176:30)
    at Object.Module._extensions..js (internal/modules/cjs/loader.js:1196:10)
    at Module.load (internal/modules/cjs/loader.js:1040:32)
    at Function.Module._load (internal/modules/cjs/loader.js:929:14)
    at Module.require (internal/modules/cjs/loader.js:1080:19)
    at require (internal/modules/cjs/helpers.js:72:18)
    at Object.<anonymous> (/home/nathan/Apps/node-template/src/routes/config.js:23:30)
    at Module._compile (internal/modules/cjs/loader.js:1176:30)
    at Object.Module._extensions..js (internal/modules/cjs/loader.js:1196:10)
    at Module.load (internal/modules/cjs/loader.js:1040:32)
    at Function.Module._load (internal/modules/cjs/loader.js:929:14)
    at Module.require (internal/modules/cjs/loader.js:1080:19)
    at require (internal/modules/cjs/helpers.js:72:18)
[2020-06-22T22:40:29.755Z : [31merror[39m] - uncaughtException: Cannot find module '../root'
Require stack:
- /home/nathan/Apps/node-template/src/services/sample/sample.js
- /home/nathan/Apps/node-template/src/routes/sample.js
- /home/nathan/Apps/node-template/src/routes/config.js
- /home/nathan/Apps/node-template/index.js
Error: Cannot find module '../root'
Require stack:
- /home/nathan/Apps/node-template/src/services/sample/sample.js
- /home/nathan/Apps/node-template/src/routes/sample.js
- /home/nathan/Apps/node-template/src/routes/config.js
- /home/nathan/Apps/node-template/index.js
    at Function.Module._resolveFilename (internal/modules/cjs/loader.js:1020:15)
    at Function.Module._load (internal/modules/cjs/loader.js:890:27)
    at Module.require (internal/modules/cjs/loader.js:1080:19)
    at require (internal/modules/cjs/helpers.js:72:18)
    at Object.<anonymous> (/home/nathan/Apps/node-template/src/services/sample/sample.js:5:21)
    at Module._compile (internal/modules/cjs/loader.js:1176:30)
    at Object.Module._extensions..js (internal/modules/cjs/loader.js:1196:10)
    at Module.load (internal/modules/cjs/loader.js:1040:32)
    at Function.Module._load (internal/modules/cjs/loader.js:929:14)
    at Module.require (internal/modules/cjs/loader.js:1080:19)
    at require (internal/modules/cjs/helpers.js:72:18)
    at Object.<anonymous> (/home/nathan/Apps/node-template/src/routes/sample.js:6:23)
    at Module._compile (internal/modules/cjs/loader.js:1176:30)
    at Object.Module._extensions..js (internal/modules/cjs/loader.js:1196:10)
    at Module.load (internal/modules/cjs/loader.js:1040:32)
    at Function.Module._load (internal/modules/cjs/loader.js:929:14)
[2020-06-22T22:41:28.789Z : [31merror[39m] - uncaughtException: Cannot find module '../root'
Require stack:
- /home/nathan/Apps/node-template/src/services/sample/sample.js
- /home/nathan/Apps/node-template/src/routes/sample.js
- /home/nathan/Apps/node-template/src/routes/config.js
- /home/nathan/Apps/node-template/index.js
Error: Cannot find module '../root'
Require stack:
- /home/nathan/Apps/node-template/src/services/sample/sample.js
- /home/nathan/Apps/node-template/src/routes/sample.js
- /home/nathan/Apps/node-template/src/routes/config.js
- /home/nathan/Apps/node-template/index.js
    at Function.Module._resolveFilename (internal/modules/cjs/loader.js:1020:15)
    at Function.Module._load (internal/modules/cjs/loader.js:890:27)
    at Module.require (internal/modules/cjs/loader.js:1080:19)
    at require (internal/modules/cjs/helpers.js:72:18)
    at Object.<anonymous> (/home/nathan/Apps/node-template/src/services/sample/sample.js:5:21)
    at Module._compile (internal/modules/cjs/loader.js:1176:30)
    at Object.Module._extensions..js (internal/modules/cjs/loader.js:1196:10)
    at Module.load (internal/modules/cjs/loader.js:1040:32)
    at Function.Module._load (internal/modules/cjs/loader.js:929:14)
    at Module.require (internal/modules/cjs/loader.js:1080:19)
    at require (internal/modules/cjs/helpers.js:72:18)
    at Object.<anonymous> (/home/nathan/Apps/node-template/src/routes/sample.js:6:23)
    at Module._compile (internal/modules/cjs/loader.js:1176:30)
    at Object.Module._extensions..js (internal/modules/cjs/loader.js:1196:10)
    at Module.load (internal/modules/cjs/loader.js:1040:32)
    at Function.Module._load (internal/modules/cjs/loader.js:929:14)
[2020-06-22T22:41:46.571Z : [31merror[39m] - uncaughtException: RootService is not defined
ReferenceError: RootService is not defined
    at Object.<anonymous> (/home/nathan/Apps/node-template/src/services/sample/sample.js:11:29)
    at Module._compile (internal/modules/cjs/loader.js:1176:30)
    at Object.Module._extensions..js (internal/modules/cjs/loader.js:1196:10)
    at Module.load (internal/modules/cjs/loader.js:1040:32)
    at Function.Module._load (internal/modules/cjs/loader.js:929:14)
    at Module.require (internal/modules/cjs/loader.js:1080:19)
    at require (internal/modules/cjs/helpers.js:72:18)
    at Object.<anonymous> (/home/nathan/Apps/node-template/src/routes/sample.js:6:23)
    at Module._compile (internal/modules/cjs/loader.js:1176:30)
    at Object.Module._extensions..js (internal/modules/cjs/loader.js:1196:10)
    at Module.load (internal/modules/cjs/loader.js:1040:32)
    at Function.Module._load (internal/modules/cjs/loader.js:929:14)
    at Module.require (internal/modules/cjs/loader.js:1080:19)
    at require (internal/modules/cjs/helpers.js:72:18)
    at Object.<anonymous> (/home/nathan/Apps/node-template/src/routes/config.js:23:30)
    at Module._compile (internal/modules/cjs/loader.js:1176:30)
[2020-06-22T22:41:59.691Z : [31merror[39m] - uncaughtException: RootService is not defined
ReferenceError: RootService is not defined
    at Object.<anonymous> (/home/nathan/Apps/node-template/src/services/sample/sample.js:9:29)
    at Module._compile (internal/modules/cjs/loader.js:1176:30)
    at Object.Module._extensions..js (internal/modules/cjs/loader.js:1196:10)
    at Module.load (internal/modules/cjs/loader.js:1040:32)
    at Function.Module._load (internal/modules/cjs/loader.js:929:14)
    at Module.require (internal/modules/cjs/loader.js:1080:19)
    at require (internal/modules/cjs/helpers.js:72:18)
    at Object.<anonymous> (/home/nathan/Apps/node-template/src/routes/sample.js:6:23)
    at Module._compile (internal/modules/cjs/loader.js:1176:30)
    at Object.Module._extensions..js (internal/modules/cjs/loader.js:1196:10)
    at Module.load (internal/modules/cjs/loader.js:1040:32)
    at Function.Module._load (internal/modules/cjs/loader.js:929:14)
    at Module.require (internal/modules/cjs/loader.js:1080:19)
    at require (internal/modules/cjs/helpers.js:72:18)
    at Object.<anonymous> (/home/nathan/Apps/node-template/src/routes/config.js:23:30)
    at Module._compile (internal/modules/cjs/loader.js:1176:30)
[2020-06-22T22:42:09.833Z : [31merror[39m] - uncaughtException: RootService is not defined
ReferenceError: RootService is not defined
    at Object.<anonymous> (/home/nathan/Apps/node-template/src/services/sample/sample.js:9:29)
    at Module._compile (internal/modules/cjs/loader.js:1176:30)
    at Object.Module._extensions..js (internal/modules/cjs/loader.js:1196:10)
    at Module.load (internal/modules/cjs/loader.js:1040:32)
    at Function.Module._load (internal/modules/cjs/loader.js:929:14)
    at Module.require (internal/modules/cjs/loader.js:1080:19)
    at require (internal/modules/cjs/helpers.js:72:18)
    at Object.<anonymous> (/home/nathan/Apps/node-template/src/routes/sample.js:6:23)
    at Module._compile (internal/modules/cjs/loader.js:1176:30)
    at Object.Module._extensions..js (internal/modules/cjs/loader.js:1196:10)
    at Module.load (internal/modules/cjs/loader.js:1040:32)
    at Function.Module._load (internal/modules/cjs/loader.js:929:14)
    at Module.require (internal/modules/cjs/loader.js:1080:19)
    at require (internal/modules/cjs/helpers.js:72:18)
    at Object.<anonymous> (/home/nathan/Apps/node-template/src/routes/config.js:23:30)
    at Module._compile (internal/modules/cjs/loader.js:1176:30)
[2020-06-22T22:44:49.124Z : [31merror[39m] - uncaughtException: Route.get() requires a callback function but got a [object Undefined]
Error: Route.get() requires a callback function but got a [object Undefined]
    at Route.<computed> [as get] (/home/nathan/Apps/node-template/node_modules/express/lib/router/route.js:202:15)
    at Function.proto.<computed> [as get] (/home/nathan/Apps/node-template/node_modules/express/lib/router/index.js:510:19)
    at Object.<anonymous> (/home/nathan/Apps/node-template/src/routes/sample.js:8:8)
    at Module._compile (internal/modules/cjs/loader.js:1176:30)
    at Object.Module._extensions..js (internal/modules/cjs/loader.js:1196:10)
    at Module.load (internal/modules/cjs/loader.js:1040:32)
    at Function.Module._load (internal/modules/cjs/loader.js:929:14)
    at Module.require (internal/modules/cjs/loader.js:1080:19)
    at require (internal/modules/cjs/helpers.js:72:18)
    at Object.<anonymous> (/home/nathan/Apps/node-template/src/routes/config.js:23:30)
    at Module._compile (internal/modules/cjs/loader.js:1176:30)
    at Object.Module._extensions..js (internal/modules/cjs/loader.js:1196:10)
    at Module.load (internal/modules/cjs/loader.js:1040:32)
    at Function.Module._load (internal/modules/cjs/loader.js:929:14)
    at Module.require (internal/modules/cjs/loader.js:1080:19)
    at require (internal/modules/cjs/helpers.js:72:18)
[2020-06-22T22:45:57.721Z : [31merror[39m] - uncaughtException: Route.get() requires a callback function but got a [object Undefined]
Error: Route.get() requires a callback function but got a [object Undefined]
    at Route.<computed> [as get] (/home/nathan/Apps/node-template/node_modules/express/lib/router/route.js:202:15)
    at Function.proto.<computed> [as get] (/home/nathan/Apps/node-template/node_modules/express/lib/router/index.js:510:19)
    at Object.<anonymous> (/home/nathan/Apps/node-template/src/routes/sample.js:8:8)
    at Module._compile (internal/modules/cjs/loader.js:1176:30)
    at Object.Module._extensions..js (internal/modules/cjs/loader.js:1196:10)
    at Module.load (internal/modules/cjs/loader.js:1040:32)
    at Function.Module._load (internal/modules/cjs/loader.js:929:14)
    at Module.require (internal/modules/cjs/loader.js:1080:19)
    at require (internal/modules/cjs/helpers.js:72:18)
    at Object.<anonymous> (/home/nathan/Apps/node-template/src/routes/config.js:23:30)
    at Module._compile (internal/modules/cjs/loader.js:1176:30)
    at Object.Module._extensions..js (internal/modules/cjs/loader.js:1196:10)
    at Module.load (internal/modules/cjs/loader.js:1040:32)
    at Function.Module._load (internal/modules/cjs/loader.js:929:14)
    at Module.require (internal/modules/cjs/loader.js:1080:19)
    at require (internal/modules/cjs/helpers.js:72:18)
[2020-06-22T22:46:35.532Z : [31merror[39m] - uncaughtException: SampleService is not defined
ReferenceError: SampleService is not defined
    at Object.<anonymous> (/home/nathan/Apps/node-template/src/services/sample/sample.js:90:18)
    at Module._compile (internal/modules/cjs/loader.js:1176:30)
    at Object.Module._extensions..js (internal/modules/cjs/loader.js:1196:10)
    at Module.load (internal/modules/cjs/loader.js:1040:32)
    at Function.Module._load (internal/modules/cjs/loader.js:929:14)
    at Module.require (internal/modules/cjs/loader.js:1080:19)
    at require (internal/modules/cjs/helpers.js:72:18)
    at Object.<anonymous> (/home/nathan/Apps/node-template/src/routes/sample.js:6:24)
    at Module._compile (internal/modules/cjs/loader.js:1176:30)
    at Object.Module._extensions..js (internal/modules/cjs/loader.js:1196:10)
    at Module.load (internal/modules/cjs/loader.js:1040:32)
    at Function.Module._load (internal/modules/cjs/loader.js:929:14)
    at Module.require (internal/modules/cjs/loader.js:1080:19)
    at require (internal/modules/cjs/helpers.js:72:18)
    at Object.<anonymous> (/home/nathan/Apps/node-template/src/routes/config.js:23:30)
    at Module._compile (internal/modules/cjs/loader.js:1176:30)
[2020-06-22T22:57:14.627Z : [31merror[39m] - uncaughtException: Unexpected token '.'
/home/nathan/Apps/node-template/src/utilities/query.js:6
    const fields_to_return = options.return_only ? { this.build_return_fields_string(options.return_only) } : {};
                                                         ^

SyntaxError: Unexpected token '.'
    at Object.compileFunction (vm.js:344:18)
    at wrapSafe (internal/modules/cjs/loader.js:1106:15)
    at Module._compile (internal/modules/cjs/loader.js:1140:27)
    at Object.Module._extensions..js (internal/modules/cjs/loader.js:1196:10)
    at Module.load (internal/modules/cjs/loader.js:1040:32)
    at Function.Module._load (internal/modules/cjs/loader.js:929:14)
    at Module.require (internal/modules/cjs/loader.js:1080:19)
    at require (internal/modules/cjs/helpers.js:72:18)
    at Object.<anonymous> (/home/nathan/Apps/node-template/src/services/shared.js:5:25)
    at Module._compile (internal/modules/cjs/loader.js:1176:30)
    at Object.Module._extensions..js (internal/modules/cjs/loader.js:1196:10)
    at Module.load (internal/modules/cjs/loader.js:1040:32)
    at Function.Module._load (internal/modules/cjs/loader.js:929:14)
    at Module.require (internal/modules/cjs/loader.js:1080:19)
    at require (internal/modules/cjs/helpers.js:72:18)
    at Object.<anonymous> (/home/nathan/Apps/node-template/src/services/sample/sample.js:8:34)
[2020-06-22T23:09:30.522Z : [31merror[39m] - uncaughtException: Route.get() requires a callback function but got a [object Undefined]
Error: Route.get() requires a callback function but got a [object Undefined]
    at Route.<computed> [as get] (/home/nathan/Apps/node-template/node_modules/express/lib/router/route.js:202:15)
    at Function.proto.<computed> [as get] (/home/nathan/Apps/node-template/node_modules/express/lib/router/index.js:510:19)
    at Object.<anonymous> (/home/nathan/Apps/node-template/src/routes/sample.js:8:8)
    at Module._compile (internal/modules/cjs/loader.js:1176:30)
    at Object.Module._extensions..js (internal/modules/cjs/loader.js:1196:10)
    at Module.load (internal/modules/cjs/loader.js:1040:32)
    at Function.Module._load (internal/modules/cjs/loader.js:929:14)
    at Module.require (internal/modules/cjs/loader.js:1080:19)
    at require (internal/modules/cjs/helpers.js:72:18)
    at Object.<anonymous> (/home/nathan/Apps/node-template/src/routes/config.js:23:30)
    at Module._compile (internal/modules/cjs/loader.js:1176:30)
    at Object.Module._extensions..js (internal/modules/cjs/loader.js:1196:10)
    at Module.load (internal/modules/cjs/loader.js:1040:32)
    at Function.Module._load (internal/modules/cjs/loader.js:929:14)
    at Module.require (internal/modules/cjs/loader.js:1080:19)
    at require (internal/modules/cjs/helpers.js:72:18)
[2020-06-22T23:26:27.308Z : [31merror[39m] - uncaughtException: Route.get() requires a callback function but got a [object Undefined]
Error: Route.get() requires a callback function but got a [object Undefined]
    at Route.<computed> [as get] (/home/nathan/Apps/node-template/node_modules/express/lib/router/route.js:202:15)
    at Function.proto.<computed> [as get] (/home/nathan/Apps/node-template/node_modules/express/lib/router/index.js:510:19)
    at Object.<anonymous> (/home/nathan/Apps/node-template/src/routes/sample.js:8:8)
    at Module._compile (internal/modules/cjs/loader.js:1176:30)
    at Object.Module._extensions..js (internal/modules/cjs/loader.js:1196:10)
    at Module.load (internal/modules/cjs/loader.js:1040:32)
    at Function.Module._load (internal/modules/cjs/loader.js:929:14)
    at Module.require (internal/modules/cjs/loader.js:1080:19)
    at require (internal/modules/cjs/helpers.js:72:18)
    at Object.<anonymous> (/home/nathan/Apps/node-template/src/routes/config.js:23:30)
    at Module._compile (internal/modules/cjs/loader.js:1176:30)
    at Object.Module._extensions..js (internal/modules/cjs/loader.js:1196:10)
    at Module.load (internal/modules/cjs/loader.js:1040:32)
    at Function.Module._load (internal/modules/cjs/loader.js:929:14)
    at Module.require (internal/modules/cjs/loader.js:1080:19)
    at require (internal/modules/cjs/helpers.js:72:18)
[2020-06-22T23:29:11.593Z : [31merror[39m] - uncaughtException: Route.get() requires a callback function but got a [object Undefined]
Error: Route.get() requires a callback function but got a [object Undefined]
    at Route.<computed> [as get] (/home/nathan/Apps/node-template/node_modules/express/lib/router/route.js:202:15)
    at Function.proto.<computed> [as get] (/home/nathan/Apps/node-template/node_modules/express/lib/router/index.js:510:19)
    at Object.<anonymous> (/home/nathan/Apps/node-template/src/routes/sample.js:8:8)
    at Module._compile (internal/modules/cjs/loader.js:1176:30)
    at Object.Module._extensions..js (internal/modules/cjs/loader.js:1196:10)
    at Module.load (internal/modules/cjs/loader.js:1040:32)
    at Function.Module._load (internal/modules/cjs/loader.js:929:14)
    at Module.require (internal/modules/cjs/loader.js:1080:19)
    at require (internal/modules/cjs/helpers.js:72:18)
    at Object.<anonymous> (/home/nathan/Apps/node-template/src/routes/config.js:23:30)
    at Module._compile (internal/modules/cjs/loader.js:1176:30)
    at Object.Module._extensions..js (internal/modules/cjs/loader.js:1196:10)
    at Module.load (internal/modules/cjs/loader.js:1040:32)
    at Function.Module._load (internal/modules/cjs/loader.js:929:14)
    at Module.require (internal/modules/cjs/loader.js:1080:19)
    at require (internal/modules/cjs/helpers.js:72:18)
[2020-06-22T23:31:08.039Z : [31merror[39m] - uncaughtException: Unexpected end of input
/home/nathan/Apps/node-template/src/services/shared.js:56
},
  

SyntaxError: Unexpected end of input
    at Object.compileFunction (vm.js:344:18)
    at wrapSafe (internal/modules/cjs/loader.js:1106:15)
    at Module._compile (internal/modules/cjs/loader.js:1140:27)
    at Object.Module._extensions..js (internal/modules/cjs/loader.js:1196:10)
    at Module.load (internal/modules/cjs/loader.js:1040:32)
    at Function.Module._load (internal/modules/cjs/loader.js:929:14)
    at Module.require (internal/modules/cjs/loader.js:1080:19)
    at require (internal/modules/cjs/helpers.js:72:18)
    at Object.<anonymous> (/home/nathan/Apps/node-template/src/services/sample/sample.js:8:23)
    at Module._compile (internal/modules/cjs/loader.js:1176:30)
    at Object.Module._extensions..js (internal/modules/cjs/loader.js:1196:10)
    at Module.load (internal/modules/cjs/loader.js:1040:32)
    at Function.Module._load (internal/modules/cjs/loader.js:929:14)
    at Module.require (internal/modules/cjs/loader.js:1080:19)
    at require (internal/modules/cjs/helpers.js:72:18)
    at Object.<anonymous> (/home/nathan/Apps/node-template/src/routes/sample.js:6:24)
[2020-06-22T23:31:18.796Z : [31merror[39m] - uncaughtException: Route.get() requires a callback function but got a [object Undefined]
Error: Route.get() requires a callback function but got a [object Undefined]
    at Route.<computed> [as get] (/home/nathan/Apps/node-template/node_modules/express/lib/router/route.js:202:15)
    at Function.proto.<computed> [as get] (/home/nathan/Apps/node-template/node_modules/express/lib/router/index.js:510:19)
    at Object.<anonymous> (/home/nathan/Apps/node-template/src/routes/sample.js:8:8)
    at Module._compile (internal/modules/cjs/loader.js:1176:30)
    at Object.Module._extensions..js (internal/modules/cjs/loader.js:1196:10)
    at Module.load (internal/modules/cjs/loader.js:1040:32)
    at Function.Module._load (internal/modules/cjs/loader.js:929:14)
    at Module.require (internal/modules/cjs/loader.js:1080:19)
    at require (internal/modules/cjs/helpers.js:72:18)
    at Object.<anonymous> (/home/nathan/Apps/node-template/src/routes/config.js:23:30)
    at Module._compile (internal/modules/cjs/loader.js:1176:30)
    at Object.Module._extensions..js (internal/modules/cjs/loader.js:1196:10)
    at Module.load (internal/modules/cjs/loader.js:1040:32)
    at Function.Module._load (internal/modules/cjs/loader.js:929:14)
    at Module.require (internal/modules/cjs/loader.js:1080:19)
    at require (internal/modules/cjs/helpers.js:72:18)
[2020-06-22T23:31:55.712Z : [31merror[39m] - uncaughtException: Route.get() requires a callback function but got a [object Undefined]
Error: Route.get() requires a callback function but got a [object Undefined]
    at Route.<computed> [as get] (/home/nathan/Apps/node-template/node_modules/express/lib/router/route.js:202:15)
    at Function.proto.<computed> [as get] (/home/nathan/Apps/node-template/node_modules/express/lib/router/index.js:510:19)
    at Object.<anonymous> (/home/nathan/Apps/node-template/src/routes/sample.js:8:8)
    at Module._compile (internal/modules/cjs/loader.js:1176:30)
    at Object.Module._extensions..js (internal/modules/cjs/loader.js:1196:10)
    at Module.load (internal/modules/cjs/loader.js:1040:32)
    at Function.Module._load (internal/modules/cjs/loader.js:929:14)
    at Module.require (internal/modules/cjs/loader.js:1080:19)
    at require (internal/modules/cjs/helpers.js:72:18)
    at Object.<anonymous> (/home/nathan/Apps/node-template/src/routes/config.js:23:30)
    at Module._compile (internal/modules/cjs/loader.js:1176:30)
    at Object.Module._extensions..js (internal/modules/cjs/loader.js:1196:10)
    at Module.load (internal/modules/cjs/loader.js:1040:32)
    at Function.Module._load (internal/modules/cjs/loader.js:929:14)
    at Module.require (internal/modules/cjs/loader.js:1080:19)
    at require (internal/modules/cjs/helpers.js:72:18)
[2020-06-22T23:32:47.405Z : [31merror[39m] - uncaughtException: Route.get() requires a callback function but got a [object Undefined]
Error: Route.get() requires a callback function but got a [object Undefined]
    at Route.<computed> [as get] (/home/nathan/Apps/node-template/node_modules/express/lib/router/route.js:202:15)
    at Function.proto.<computed> [as get] (/home/nathan/Apps/node-template/node_modules/express/lib/router/index.js:510:19)
    at Object.<anonymous> (/home/nathan/Apps/node-template/src/routes/sample.js:8:8)
    at Module._compile (internal/modules/cjs/loader.js:1176:30)
    at Object.Module._extensions..js (internal/modules/cjs/loader.js:1196:10)
    at Module.load (internal/modules/cjs/loader.js:1040:32)
    at Function.Module._load (internal/modules/cjs/loader.js:929:14)
    at Module.require (internal/modules/cjs/loader.js:1080:19)
    at require (internal/modules/cjs/helpers.js:72:18)
    at Object.<anonymous> (/home/nathan/Apps/node-template/src/routes/config.js:23:30)
    at Module._compile (internal/modules/cjs/loader.js:1176:30)
    at Object.Module._extensions..js (internal/modules/cjs/loader.js:1196:10)
    at Module.load (internal/modules/cjs/loader.js:1040:32)
    at Function.Module._load (internal/modules/cjs/loader.js:929:14)
    at Module.require (internal/modules/cjs/loader.js:1080:19)
    at require (internal/modules/cjs/helpers.js:72:18)
[2020-06-22T23:32:56.456Z : [31merror[39m] - uncaughtException: sample_service is not defined
ReferenceError: sample_service is not defined
    at Object.<anonymous> (/home/nathan/Apps/node-template/src/routes/sample.js:8:17)
    at Module._compile (internal/modules/cjs/loader.js:1176:30)
    at Object.Module._extensions..js (internal/modules/cjs/loader.js:1196:10)
    at Module.load (internal/modules/cjs/loader.js:1040:32)
    at Function.Module._load (internal/modules/cjs/loader.js:929:14)
    at Module.require (internal/modules/cjs/loader.js:1080:19)
    at require (internal/modules/cjs/helpers.js:72:18)
    at Object.<anonymous> (/home/nathan/Apps/node-template/src/routes/config.js:23:30)
    at Module._compile (internal/modules/cjs/loader.js:1176:30)
    at Object.Module._extensions..js (internal/modules/cjs/loader.js:1196:10)
    at Module.load (internal/modules/cjs/loader.js:1040:32)
    at Function.Module._load (internal/modules/cjs/loader.js:929:14)
    at Module.require (internal/modules/cjs/loader.js:1080:19)
    at require (internal/modules/cjs/helpers.js:72:18)
    at Object.<anonymous> (/home/nathan/Apps/node-template/index.js:16:23)
    at Module._compile (internal/modules/cjs/loader.js:1176:30)
[2020-06-22T23:32:59.353Z : [31merror[39m] - uncaughtException: Route.get() requires a callback function but got a [object Undefined]
Error: Route.get() requires a callback function but got a [object Undefined]
    at Route.<computed> [as get] (/home/nathan/Apps/node-template/node_modules/express/lib/router/route.js:202:15)
    at Function.proto.<computed> [as get] (/home/nathan/Apps/node-template/node_modules/express/lib/router/index.js:510:19)
    at Object.<anonymous> (/home/nathan/Apps/node-template/src/routes/sample.js:8:8)
    at Module._compile (internal/modules/cjs/loader.js:1176:30)
    at Object.Module._extensions..js (internal/modules/cjs/loader.js:1196:10)
    at Module.load (internal/modules/cjs/loader.js:1040:32)
    at Function.Module._load (internal/modules/cjs/loader.js:929:14)
    at Module.require (internal/modules/cjs/loader.js:1080:19)
    at require (internal/modules/cjs/helpers.js:72:18)
    at Object.<anonymous> (/home/nathan/Apps/node-template/src/routes/config.js:23:30)
    at Module._compile (internal/modules/cjs/loader.js:1176:30)
    at Object.Module._extensions..js (internal/modules/cjs/loader.js:1196:10)
    at Module.load (internal/modules/cjs/loader.js:1040:32)
    at Function.Module._load (internal/modules/cjs/loader.js:929:14)
    at Module.require (internal/modules/cjs/loader.js:1080:19)
    at require (internal/modules/cjs/helpers.js:72:18)
[2020-06-22T23:33:37.234Z : [31merror[39m] - uncaughtException: Route.get() requires a callback function but got a [object Undefined]
Error: Route.get() requires a callback function but got a [object Undefined]
    at Route.<computed> [as get] (/home/nathan/Apps/node-template/node_modules/express/lib/router/route.js:202:15)
    at Function.proto.<computed> [as get] (/home/nathan/Apps/node-template/node_modules/express/lib/router/index.js:510:19)
    at Object.<anonymous> (/home/nathan/Apps/node-template/src/routes/sample.js:8:8)
    at Module._compile (internal/modules/cjs/loader.js:1176:30)
    at Object.Module._extensions..js (internal/modules/cjs/loader.js:1196:10)
    at Module.load (internal/modules/cjs/loader.js:1040:32)
    at Function.Module._load (internal/modules/cjs/loader.js:929:14)
    at Module.require (internal/modules/cjs/loader.js:1080:19)
    at require (internal/modules/cjs/helpers.js:72:18)
    at Object.<anonymous> (/home/nathan/Apps/node-template/src/routes/config.js:23:30)
    at Module._compile (internal/modules/cjs/loader.js:1176:30)
    at Object.Module._extensions..js (internal/modules/cjs/loader.js:1196:10)
    at Module.load (internal/modules/cjs/loader.js:1040:32)
    at Function.Module._load (internal/modules/cjs/loader.js:929:14)
    at Module.require (internal/modules/cjs/loader.js:1080:19)
    at require (internal/modules/cjs/helpers.js:72:18)
[2020-06-22T23:33:39.006Z : [31merror[39m] - uncaughtException: Route.get() requires a callback function but got a [object Undefined]
Error: Route.get() requires a callback function but got a [object Undefined]
    at Route.<computed> [as get] (/home/nathan/Apps/node-template/node_modules/express/lib/router/route.js:202:15)
    at Function.proto.<computed> [as get] (/home/nathan/Apps/node-template/node_modules/express/lib/router/index.js:510:19)
    at Object.<anonymous> (/home/nathan/Apps/node-template/src/routes/sample.js:8:8)
    at Module._compile (internal/modules/cjs/loader.js:1176:30)
    at Object.Module._extensions..js (internal/modules/cjs/loader.js:1196:10)
    at Module.load (internal/modules/cjs/loader.js:1040:32)
    at Function.Module._load (internal/modules/cjs/loader.js:929:14)
    at Module.require (internal/modules/cjs/loader.js:1080:19)
    at require (internal/modules/cjs/helpers.js:72:18)
    at Object.<anonymous> (/home/nathan/Apps/node-template/src/routes/config.js:23:30)
    at Module._compile (internal/modules/cjs/loader.js:1176:30)
    at Object.Module._extensions..js (internal/modules/cjs/loader.js:1196:10)
    at Module.load (internal/modules/cjs/loader.js:1040:32)
    at Function.Module._load (internal/modules/cjs/loader.js:929:14)
    at Module.require (internal/modules/cjs/loader.js:1080:19)
    at require (internal/modules/cjs/helpers.js:72:18)
[2020-06-22T23:33:44.463Z : [31merror[39m] - uncaughtException: Route.get() requires a callback function but got a [object Undefined]
Error: Route.get() requires a callback function but got a [object Undefined]
    at Route.<computed> [as get] (/home/nathan/Apps/node-template/node_modules/express/lib/router/route.js:202:15)
    at Function.proto.<computed> [as get] (/home/nathan/Apps/node-template/node_modules/express/lib/router/index.js:510:19)
    at Object.<anonymous> (/home/nathan/Apps/node-template/src/routes/sample.js:8:8)
    at Module._compile (internal/modules/cjs/loader.js:1176:30)
    at Object.Module._extensions..js (internal/modules/cjs/loader.js:1196:10)
    at Module.load (internal/modules/cjs/loader.js:1040:32)
    at Function.Module._load (internal/modules/cjs/loader.js:929:14)
    at Module.require (internal/modules/cjs/loader.js:1080:19)
    at require (internal/modules/cjs/helpers.js:72:18)
    at Object.<anonymous> (/home/nathan/Apps/node-template/src/routes/config.js:23:30)
    at Module._compile (internal/modules/cjs/loader.js:1176:30)
    at Object.Module._extensions..js (internal/modules/cjs/loader.js:1196:10)
    at Module.load (internal/modules/cjs/loader.js:1040:32)
    at Function.Module._load (internal/modules/cjs/loader.js:929:14)
    at Module.require (internal/modules/cjs/loader.js:1080:19)
    at require (internal/modules/cjs/helpers.js:72:18)
[2020-06-22T23:35:09.323Z : [31merror[39m] - uncaughtException: Route.get() requires a callback function but got a [object Undefined]
Error: Route.get() requires a callback function but got a [object Undefined]
    at Route.<computed> [as get] (/home/nathan/Apps/node-template/node_modules/express/lib/router/route.js:202:15)
    at Function.proto.<computed> [as get] (/home/nathan/Apps/node-template/node_modules/express/lib/router/index.js:510:19)
    at Object.<anonymous> (/home/nathan/Apps/node-template/src/routes/sample.js:8:8)
    at Module._compile (internal/modules/cjs/loader.js:1176:30)
    at Object.Module._extensions..js (internal/modules/cjs/loader.js:1196:10)
    at Module.load (internal/modules/cjs/loader.js:1040:32)
    at Function.Module._load (internal/modules/cjs/loader.js:929:14)
    at Module.require (internal/modules/cjs/loader.js:1080:19)
    at require (internal/modules/cjs/helpers.js:72:18)
    at Object.<anonymous> (/home/nathan/Apps/node-template/src/routes/config.js:23:30)
    at Module._compile (internal/modules/cjs/loader.js:1176:30)
    at Object.Module._extensions..js (internal/modules/cjs/loader.js:1196:10)
    at Module.load (internal/modules/cjs/loader.js:1040:32)
    at Function.Module._load (internal/modules/cjs/loader.js:929:14)
    at Module.require (internal/modules/cjs/loader.js:1080:19)
    at require (internal/modules/cjs/helpers.js:72:18)
[2020-06-22T23:35:12.777Z : [31merror[39m] - uncaughtException: Route.get() requires a callback function but got a [object Undefined]
Error: Route.get() requires a callback function but got a [object Undefined]
    at Route.<computed> [as get] (/home/nathan/Apps/node-template/node_modules/express/lib/router/route.js:202:15)
    at Function.proto.<computed> [as get] (/home/nathan/Apps/node-template/node_modules/express/lib/router/index.js:510:19)
    at Object.<anonymous> (/home/nathan/Apps/node-template/src/routes/sample.js:8:8)
    at Module._compile (internal/modules/cjs/loader.js:1176:30)
    at Object.Module._extensions..js (internal/modules/cjs/loader.js:1196:10)
    at Module.load (internal/modules/cjs/loader.js:1040:32)
    at Function.Module._load (internal/modules/cjs/loader.js:929:14)
    at Module.require (internal/modules/cjs/loader.js:1080:19)
    at require (internal/modules/cjs/helpers.js:72:18)
    at Object.<anonymous> (/home/nathan/Apps/node-template/src/routes/config.js:23:30)
    at Module._compile (internal/modules/cjs/loader.js:1176:30)
    at Object.Module._extensions..js (internal/modules/cjs/loader.js:1196:10)
    at Module.load (internal/modules/cjs/loader.js:1040:32)
    at Function.Module._load (internal/modules/cjs/loader.js:929:14)
    at Module.require (internal/modules/cjs/loader.js:1080:19)
    at require (internal/modules/cjs/helpers.js:72:18)
[2020-06-22T23:36:13.123Z : [31merror[39m] - uncaughtException: Route.get() requires a callback function but got a [object Undefined]
Error: Route.get() requires a callback function but got a [object Undefined]
    at Route.<computed> [as get] (/home/nathan/Apps/node-template/node_modules/express/lib/router/route.js:202:15)
    at Function.proto.<computed> [as get] (/home/nathan/Apps/node-template/node_modules/express/lib/router/index.js:510:19)
    at Object.<anonymous> (/home/nathan/Apps/node-template/src/routes/sample.js:8:8)
    at Module._compile (internal/modules/cjs/loader.js:1176:30)
    at Object.Module._extensions..js (internal/modules/cjs/loader.js:1196:10)
    at Module.load (internal/modules/cjs/loader.js:1040:32)
    at Function.Module._load (internal/modules/cjs/loader.js:929:14)
    at Module.require (internal/modules/cjs/loader.js:1080:19)
    at require (internal/modules/cjs/helpers.js:72:18)
    at Object.<anonymous> (/home/nathan/Apps/node-template/src/routes/config.js:23:30)
    at Module._compile (internal/modules/cjs/loader.js:1176:30)
    at Object.Module._extensions..js (internal/modules/cjs/loader.js:1196:10)
    at Module.load (internal/modules/cjs/loader.js:1040:32)
    at Function.Module._load (internal/modules/cjs/loader.js:929:14)
    at Module.require (internal/modules/cjs/loader.js:1080:19)
    at require (internal/modules/cjs/helpers.js:72:18)
[2020-06-22T23:36:48.750Z : [31merror[39m] - uncaughtException: Route.get() requires a callback function but got a [object Undefined]
Error: Route.get() requires a callback function but got a [object Undefined]
    at Route.<computed> [as get] (/home/nathan/Apps/node-template/node_modules/express/lib/router/route.js:202:15)
    at Function.proto.<computed> [as get] (/home/nathan/Apps/node-template/node_modules/express/lib/router/index.js:510:19)
    at Object.<anonymous> (/home/nathan/Apps/node-template/src/routes/sample.js:8:8)
    at Module._compile (internal/modules/cjs/loader.js:1176:30)
    at Object.Module._extensions..js (internal/modules/cjs/loader.js:1196:10)
    at Module.load (internal/modules/cjs/loader.js:1040:32)
    at Function.Module._load (internal/modules/cjs/loader.js:929:14)
    at Module.require (internal/modules/cjs/loader.js:1080:19)
    at require (internal/modules/cjs/helpers.js:72:18)
    at Object.<anonymous> (/home/nathan/Apps/node-template/src/routes/config.js:23:30)
    at Module._compile (internal/modules/cjs/loader.js:1176:30)
    at Object.Module._extensions..js (internal/modules/cjs/loader.js:1196:10)
    at Module.load (internal/modules/cjs/loader.js:1040:32)
    at Function.Module._load (internal/modules/cjs/loader.js:929:14)
    at Module.require (internal/modules/cjs/loader.js:1080:19)
    at require (internal/modules/cjs/helpers.js:72:18)
[2020-06-22T23:37:09.997Z : [31merror[39m] - uncaughtException: Route.get() requires a callback function but got a [object Undefined]
Error: Route.get() requires a callback function but got a [object Undefined]
    at Route.<computed> [as get] (/home/nathan/Apps/node-template/node_modules/express/lib/router/route.js:202:15)
    at Function.proto.<computed> [as get] (/home/nathan/Apps/node-template/node_modules/express/lib/router/index.js:510:19)
    at Object.<anonymous> (/home/nathan/Apps/node-template/src/routes/sample.js:8:8)
    at Module._compile (internal/modules/cjs/loader.js:1176:30)
    at Object.Module._extensions..js (internal/modules/cjs/loader.js:1196:10)
    at Module.load (internal/modules/cjs/loader.js:1040:32)
    at Function.Module._load (internal/modules/cjs/loader.js:929:14)
    at Module.require (internal/modules/cjs/loader.js:1080:19)
    at require (internal/modules/cjs/helpers.js:72:18)
    at Object.<anonymous> (/home/nathan/Apps/node-template/src/routes/config.js:23:30)
    at Module._compile (internal/modules/cjs/loader.js:1176:30)
    at Object.Module._extensions..js (internal/modules/cjs/loader.js:1196:10)
    at Module.load (internal/modules/cjs/loader.js:1040:32)
    at Function.Module._load (internal/modules/cjs/loader.js:929:14)
    at Module.require (internal/modules/cjs/loader.js:1080:19)
    at require (internal/modules/cjs/helpers.js:72:18)
[2020-06-22T23:41:54.742Z : [31merror[39m] - uncaughtException: Route.get() requires a callback function but got a [object Undefined]
Error: Route.get() requires a callback function but got a [object Undefined]
    at Route.<computed> [as get] (/home/nathan/Apps/node-template/node_modules/express/lib/router/route.js:202:15)
    at Function.proto.<computed> [as get] (/home/nathan/Apps/node-template/node_modules/express/lib/router/index.js:510:19)
    at Object.<anonymous> (/home/nathan/Apps/node-template/src/routes/sample.js:8:8)
    at Module._compile (internal/modules/cjs/loader.js:1176:30)
    at Object.Module._extensions..js (internal/modules/cjs/loader.js:1196:10)
    at Module.load (internal/modules/cjs/loader.js:1040:32)
    at Function.Module._load (internal/modules/cjs/loader.js:929:14)
    at Module.require (internal/modules/cjs/loader.js:1080:19)
    at require (internal/modules/cjs/helpers.js:72:18)
    at Object.<anonymous> (/home/nathan/Apps/node-template/src/routes/config.js:23:30)
    at Module._compile (internal/modules/cjs/loader.js:1176:30)
    at Object.Module._extensions..js (internal/modules/cjs/loader.js:1196:10)
    at Module.load (internal/modules/cjs/loader.js:1040:32)
    at Function.Module._load (internal/modules/cjs/loader.js:929:14)
    at Module.require (internal/modules/cjs/loader.js:1080:19)
    at require (internal/modules/cjs/helpers.js:72:18)
[2020-06-22T23:43:23.950Z : [31merror[39m] - uncaughtException: Route.get() requires a callback function but got a [object Undefined]
Error: Route.get() requires a callback function but got a [object Undefined]
    at Route.<computed> [as get] (/home/nathan/Apps/node-template/node_modules/express/lib/router/route.js:202:15)
    at Function.proto.<computed> [as get] (/home/nathan/Apps/node-template/node_modules/express/lib/router/index.js:510:19)
    at Object.<anonymous> (/home/nathan/Apps/node-template/src/routes/sample.js:8:8)
    at Module._compile (internal/modules/cjs/loader.js:1176:30)
    at Object.Module._extensions..js (internal/modules/cjs/loader.js:1196:10)
    at Module.load (internal/modules/cjs/loader.js:1040:32)
    at Function.Module._load (internal/modules/cjs/loader.js:929:14)
    at Module.require (internal/modules/cjs/loader.js:1080:19)
    at require (internal/modules/cjs/helpers.js:72:18)
    at Object.<anonymous> (/home/nathan/Apps/node-template/src/routes/config.js:23:30)
    at Module._compile (internal/modules/cjs/loader.js:1176:30)
    at Object.Module._extensions..js (internal/modules/cjs/loader.js:1196:10)
    at Module.load (internal/modules/cjs/loader.js:1040:32)
    at Function.Module._load (internal/modules/cjs/loader.js:929:14)
    at Module.require (internal/modules/cjs/loader.js:1080:19)
    at require (internal/modules/cjs/helpers.js:72:18)
[2020-06-22T23:43:59.043Z : [31merror[39m] - uncaughtException: Route.get() requires a callback function but got a [object Undefined]
Error: Route.get() requires a callback function but got a [object Undefined]
    at Route.<computed> [as get] (/home/nathan/Apps/node-template/node_modules/express/lib/router/route.js:202:15)
    at Function.proto.<computed> [as get] (/home/nathan/Apps/node-template/node_modules/express/lib/router/index.js:510:19)
    at Object.<anonymous> (/home/nathan/Apps/node-template/src/routes/sample.js:8:8)
    at Module._compile (internal/modules/cjs/loader.js:1176:30)
    at Object.Module._extensions..js (internal/modules/cjs/loader.js:1196:10)
    at Module.load (internal/modules/cjs/loader.js:1040:32)
    at Function.Module._load (internal/modules/cjs/loader.js:929:14)
    at Module.require (internal/modules/cjs/loader.js:1080:19)
    at require (internal/modules/cjs/helpers.js:72:18)
    at Object.<anonymous> (/home/nathan/Apps/node-template/src/routes/config.js:23:30)
    at Module._compile (internal/modules/cjs/loader.js:1176:30)
    at Object.Module._extensions..js (internal/modules/cjs/loader.js:1196:10)
    at Module.load (internal/modules/cjs/loader.js:1040:32)
    at Function.Module._load (internal/modules/cjs/loader.js:929:14)
    at Module.require (internal/modules/cjs/loader.js:1080:19)
    at require (internal/modules/cjs/helpers.js:72:18)
[2020-06-22T23:44:03.034Z : [31merror[39m] - uncaughtException: Route.get() requires a callback function but got a [object Undefined]
Error: Route.get() requires a callback function but got a [object Undefined]
    at Route.<computed> [as get] (/home/nathan/Apps/node-template/node_modules/express/lib/router/route.js:202:15)
    at Function.proto.<computed> [as get] (/home/nathan/Apps/node-template/node_modules/express/lib/router/index.js:510:19)
    at Object.<anonymous> (/home/nathan/Apps/node-template/src/routes/sample.js:8:8)
    at Module._compile (internal/modules/cjs/loader.js:1176:30)
    at Object.Module._extensions..js (internal/modules/cjs/loader.js:1196:10)
    at Module.load (internal/modules/cjs/loader.js:1040:32)
    at Function.Module._load (internal/modules/cjs/loader.js:929:14)
    at Module.require (internal/modules/cjs/loader.js:1080:19)
    at require (internal/modules/cjs/helpers.js:72:18)
    at Object.<anonymous> (/home/nathan/Apps/node-template/src/routes/config.js:23:30)
    at Module._compile (internal/modules/cjs/loader.js:1176:30)
    at Object.Module._extensions..js (internal/modules/cjs/loader.js:1196:10)
    at Module.load (internal/modules/cjs/loader.js:1040:32)
    at Function.Module._load (internal/modules/cjs/loader.js:929:14)
    at Module.require (internal/modules/cjs/loader.js:1080:19)
    at require (internal/modules/cjs/helpers.js:72:18)
[2020-06-22T23:44:17.804Z : [31merror[39m] - uncaughtException: Route.get() requires a callback function but got a [object Undefined]
Error: Route.get() requires a callback function but got a [object Undefined]
    at Route.<computed> [as get] (/home/nathan/Apps/node-template/node_modules/express/lib/router/route.js:202:15)
    at Function.proto.<computed> [as get] (/home/nathan/Apps/node-template/node_modules/express/lib/router/index.js:510:19)
    at Object.<anonymous> (/home/nathan/Apps/node-template/src/routes/sample.js:8:8)
    at Module._compile (internal/modules/cjs/loader.js:1176:30)
    at Object.Module._extensions..js (internal/modules/cjs/loader.js:1196:10)
    at Module.load (internal/modules/cjs/loader.js:1040:32)
    at Function.Module._load (internal/modules/cjs/loader.js:929:14)
    at Module.require (internal/modules/cjs/loader.js:1080:19)
    at require (internal/modules/cjs/helpers.js:72:18)
    at Object.<anonymous> (/home/nathan/Apps/node-template/src/routes/config.js:23:30)
    at Module._compile (internal/modules/cjs/loader.js:1176:30)
    at Object.Module._extensions..js (internal/modules/cjs/loader.js:1196:10)
    at Module.load (internal/modules/cjs/loader.js:1040:32)
    at Function.Module._load (internal/modules/cjs/loader.js:929:14)
    at Module.require (internal/modules/cjs/loader.js:1080:19)
    at require (internal/modules/cjs/helpers.js:72:18)
[2020-06-22T23:44:23.866Z : [31merror[39m] - uncaughtException: Invalid or unexpected token
/home/nathan/Apps/node-template/src/services/sample/sample.js:6
/*
^^

SyntaxError: Invalid or unexpected token
    at Object.compileFunction (vm.js:344:18)
    at wrapSafe (internal/modules/cjs/loader.js:1106:15)
    at Module._compile (internal/modules/cjs/loader.js:1140:27)
    at Object.Module._extensions..js (internal/modules/cjs/loader.js:1196:10)
    at Module.load (internal/modules/cjs/loader.js:1040:32)
    at Function.Module._load (internal/modules/cjs/loader.js:929:14)
    at Module.require (internal/modules/cjs/loader.js:1080:19)
    at require (internal/modules/cjs/helpers.js:72:18)
    at Object.<anonymous> (/home/nathan/Apps/node-template/src/routes/sample.js:6:24)
    at Module._compile (internal/modules/cjs/loader.js:1176:30)
    at Object.Module._extensions..js (internal/modules/cjs/loader.js:1196:10)
    at Module.load (internal/modules/cjs/loader.js:1040:32)
    at Function.Module._load (internal/modules/cjs/loader.js:929:14)
    at Module.require (internal/modules/cjs/loader.js:1080:19)
    at require (internal/modules/cjs/helpers.js:72:18)
    at Object.<anonymous> (/home/nathan/Apps/node-template/src/routes/config.js:23:30)
[2020-06-22T23:44:28.283Z : [31merror[39m] - uncaughtException: Route.get() requires a callback function but got a [object Undefined]
Error: Route.get() requires a callback function but got a [object Undefined]
    at Route.<computed> [as get] (/home/nathan/Apps/node-template/node_modules/express/lib/router/route.js:202:15)
    at Function.proto.<computed> [as get] (/home/nathan/Apps/node-template/node_modules/express/lib/router/index.js:510:19)
    at Object.<anonymous> (/home/nathan/Apps/node-template/src/routes/sample.js:8:8)
    at Module._compile (internal/modules/cjs/loader.js:1176:30)
    at Object.Module._extensions..js (internal/modules/cjs/loader.js:1196:10)
    at Module.load (internal/modules/cjs/loader.js:1040:32)
    at Function.Module._load (internal/modules/cjs/loader.js:929:14)
    at Module.require (internal/modules/cjs/loader.js:1080:19)
    at require (internal/modules/cjs/helpers.js:72:18)
    at Object.<anonymous> (/home/nathan/Apps/node-template/src/routes/config.js:23:30)
    at Module._compile (internal/modules/cjs/loader.js:1176:30)
    at Object.Module._extensions..js (internal/modules/cjs/loader.js:1196:10)
    at Module.load (internal/modules/cjs/loader.js:1040:32)
    at Function.Module._load (internal/modules/cjs/loader.js:929:14)
    at Module.require (internal/modules/cjs/loader.js:1080:19)
    at require (internal/modules/cjs/helpers.js:72:18)
[2020-06-23T00:04:15.572Z : [31merror[39m] - uncaughtException: Cannot find module '../shared'
Require stack:
- /home/nathan/Apps/node-template/src/services/sample/sample.js
- /home/nathan/Apps/node-template/src/routes/sample.js
- /home/nathan/Apps/node-template/src/routes/config.js
- /home/nathan/Apps/node-template/index.js
Error: Cannot find module '../shared'
Require stack:
- /home/nathan/Apps/node-template/src/services/sample/sample.js
- /home/nathan/Apps/node-template/src/routes/sample.js
- /home/nathan/Apps/node-template/src/routes/config.js
- /home/nathan/Apps/node-template/index.js
    at Function.Module._resolveFilename (internal/modules/cjs/loader.js:1020:15)
    at Function.Module._load (internal/modules/cjs/loader.js:890:27)
    at Module.require (internal/modules/cjs/loader.js:1080:19)
    at require (internal/modules/cjs/helpers.js:72:18)
    at Object.<anonymous> (/home/nathan/Apps/node-template/src/services/sample/sample.js:14:5)
    at Module._compile (internal/modules/cjs/loader.js:1176:30)
    at Object.Module._extensions..js (internal/modules/cjs/loader.js:1196:10)
    at Module.load (internal/modules/cjs/loader.js:1040:32)
    at Function.Module._load (internal/modules/cjs/loader.js:929:14)
    at Module.require (internal/modules/cjs/loader.js:1080:19)
    at require (internal/modules/cjs/helpers.js:72:18)
    at Object.<anonymous> (/home/nathan/Apps/node-template/src/routes/sample.js:6:24)
    at Module._compile (internal/modules/cjs/loader.js:1176:30)
    at Object.Module._extensions..js (internal/modules/cjs/loader.js:1196:10)
    at Module.load (internal/modules/cjs/loader.js:1040:32)
    at Function.Module._load (internal/modules/cjs/loader.js:929:14)
[2020-06-23T00:05:15.183Z : [31merror[39m] - uncaughtException: Cannot find module '../shared'
Require stack:
- /home/nathan/Apps/node-template/src/services/sample/sample.js
- /home/nathan/Apps/node-template/src/routes/sample.js
- /home/nathan/Apps/node-template/src/routes/config.js
- /home/nathan/Apps/node-template/index.js
Error: Cannot find module '../shared'
Require stack:
- /home/nathan/Apps/node-template/src/services/sample/sample.js
- /home/nathan/Apps/node-template/src/routes/sample.js
- /home/nathan/Apps/node-template/src/routes/config.js
- /home/nathan/Apps/node-template/index.js
    at Function.Module._resolveFilename (internal/modules/cjs/loader.js:1020:15)
    at Function.Module._load (internal/modules/cjs/loader.js:890:27)
    at Module.require (internal/modules/cjs/loader.js:1080:19)
    at require (internal/modules/cjs/helpers.js:72:18)
    at Object.<anonymous> (/home/nathan/Apps/node-template/src/services/sample/sample.js:14:5)
    at Module._compile (internal/modules/cjs/loader.js:1176:30)
    at Object.Module._extensions..js (internal/modules/cjs/loader.js:1196:10)
    at Module.load (internal/modules/cjs/loader.js:1040:32)
    at Function.Module._load (internal/modules/cjs/loader.js:929:14)
    at Module.require (internal/modules/cjs/loader.js:1080:19)
    at require (internal/modules/cjs/helpers.js:72:18)
    at Object.<anonymous> (/home/nathan/Apps/node-template/src/routes/sample.js:6:24)
    at Module._compile (internal/modules/cjs/loader.js:1176:30)
    at Object.Module._extensions..js (internal/modules/cjs/loader.js:1196:10)
    at Module.load (internal/modules/cjs/loader.js:1040:32)
    at Function.Module._load (internal/modules/cjs/loader.js:929:14)
[2020-06-23T00:14:45.566Z : [31merror[39m] - uncaughtException: Must call super constructor in derived class before accessing 'this' or returning from derived constructor
ReferenceError: Must call super constructor in derived class before accessing 'this' or returning from derived constructor
    at new SampleService (/home/nathan/Apps/node-template/src/services/sample/sample.js:21:9)
    at Object.<anonymous> (/home/nathan/Apps/node-template/src/services/sample/sample.js:130:18)
    at Module._compile (internal/modules/cjs/loader.js:1176:30)
    at Object.Module._extensions..js (internal/modules/cjs/loader.js:1196:10)
    at Module.load (internal/modules/cjs/loader.js:1040:32)
    at Function.Module._load (internal/modules/cjs/loader.js:929:14)
    at Module.require (internal/modules/cjs/loader.js:1080:19)
    at require (internal/modules/cjs/helpers.js:72:18)
    at Object.<anonymous> (/home/nathan/Apps/node-template/src/routes/sample.js:6:24)
    at Module._compile (internal/modules/cjs/loader.js:1176:30)
    at Object.Module._extensions..js (internal/modules/cjs/loader.js:1196:10)
    at Module.load (internal/modules/cjs/loader.js:1040:32)
    at Function.Module._load (internal/modules/cjs/loader.js:929:14)
    at Module.require (internal/modules/cjs/loader.js:1080:19)
    at require (internal/modules/cjs/helpers.js:72:18)
    at Object.<anonymous> (/home/nathan/Apps/node-template/src/routes/config.js:23:30)
[2020-06-23T00:16:46.162Z : [31merror[39m] - uncaughtException: Must call super constructor in derived class before accessing 'this' or returning from derived constructor
ReferenceError: Must call super constructor in derived class before accessing 'this' or returning from derived constructor
    at new SampleService (/home/nathan/Apps/node-template/src/services/sample/sample.js:21:9)
    at Object.<anonymous> (/home/nathan/Apps/node-template/src/services/sample/sample.js:130:18)
    at Module._compile (internal/modules/cjs/loader.js:1176:30)
    at Object.Module._extensions..js (internal/modules/cjs/loader.js:1196:10)
    at Module.load (internal/modules/cjs/loader.js:1040:32)
    at Function.Module._load (internal/modules/cjs/loader.js:929:14)
    at Module.require (internal/modules/cjs/loader.js:1080:19)
    at require (internal/modules/cjs/helpers.js:72:18)
    at Object.<anonymous> (/home/nathan/Apps/node-template/src/routes/sample.js:6:24)
    at Module._compile (internal/modules/cjs/loader.js:1176:30)
    at Object.Module._extensions..js (internal/modules/cjs/loader.js:1196:10)
    at Module.load (internal/modules/cjs/loader.js:1040:32)
    at Function.Module._load (internal/modules/cjs/loader.js:929:14)
    at Module.require (internal/modules/cjs/loader.js:1080:19)
    at require (internal/modules/cjs/helpers.js:72:18)
    at Object.<anonymous> (/home/nathan/Apps/node-template/src/routes/config.js:23:30)
[2020-06-24T22:27:58.938Z : [31merror[39m] - uncaughtException: Cannot apply rules to empty ruleset or the last rule added does not support rule properties
Error: Cannot apply rules to empty ruleset or the last rule added does not support rule properties
    at new module.exports (/home/nathan/Apps/node-template/node_modules/@hapi/hoek/lib/error.js:23:19)
    at module.exports (/home/nathan/Apps/node-template/node_modules/@hapi/hoek/lib/assert.js:20:11)
    at internals.Base.rule (/home/nathan/Apps/node-template/node_modules/@hapi/joi/lib/base.js:465:9)
    at internals.Base.method [as message] (/home/nathan/Apps/node-template/node_modules/@hapi/joi/lib/extend.js:145:29)
    at Object.<anonymous> (/home/nathan/Apps/node-template/src/schemas/sample.js:9:47)
    at Module._compile (internal/modules/cjs/loader.js:1176:30)
    at Object.Module._extensions..js (internal/modules/cjs/loader.js:1196:10)
    at Module.load (internal/modules/cjs/loader.js:1040:32)
    at Function.Module._load (internal/modules/cjs/loader.js:929:14)
    at Module.require (internal/modules/cjs/loader.js:1080:19)
    at require (internal/modules/cjs/helpers.js:72:18)
    at Object.<anonymous> (/home/nathan/Apps/node-template/src/services/sample/sample.js:7:22)
    at Module._compile (internal/modules/cjs/loader.js:1176:30)
    at Object.Module._extensions..js (internal/modules/cjs/loader.js:1196:10)
    at Module.load (internal/modules/cjs/loader.js:1040:32)
    at Function.Module._load (internal/modules/cjs/loader.js:929:14)
[2020-06-24T22:29:08.222Z : [31merror[39m] - uncaughtException: Cannot apply rules to empty ruleset or the last rule added does not support rule properties
Error: Cannot apply rules to empty ruleset or the last rule added does not support rule properties
    at new module.exports (/home/nathan/Apps/node-template/node_modules/@hapi/hoek/lib/error.js:23:19)
    at module.exports (/home/nathan/Apps/node-template/node_modules/@hapi/hoek/lib/assert.js:20:11)
    at internals.Base.rule (/home/nathan/Apps/node-template/node_modules/@hapi/joi/lib/base.js:465:9)
    at internals.Base.method [as message] (/home/nathan/Apps/node-template/node_modules/@hapi/joi/lib/extend.js:145:29)
    at Object.<anonymous> (/home/nathan/Apps/node-template/src/schemas/sample.js:9:47)
    at Module._compile (internal/modules/cjs/loader.js:1176:30)
    at Object.Module._extensions..js (internal/modules/cjs/loader.js:1196:10)
    at Module.load (internal/modules/cjs/loader.js:1040:32)
    at Function.Module._load (internal/modules/cjs/loader.js:929:14)
    at Module.require (internal/modules/cjs/loader.js:1080:19)
    at require (internal/modules/cjs/helpers.js:72:18)
    at Object.<anonymous> (/home/nathan/Apps/node-template/src/services/sample/sample.js:7:22)
    at Module._compile (internal/modules/cjs/loader.js:1176:30)
    at Object.Module._extensions..js (internal/modules/cjs/loader.js:1196:10)
    at Module.load (internal/modules/cjs/loader.js:1040:32)
    at Function.Module._load (internal/modules/cjs/loader.js:929:14)
[2020-06-24T22:32:09.289Z : [31merror[39m] - uncaughtException: Cannot apply rules to empty ruleset or the last rule added does not support rule properties
Error: Cannot apply rules to empty ruleset or the last rule added does not support rule properties
    at new module.exports (/home/nathan/Apps/node-template/node_modules/@hapi/hoek/lib/error.js:23:19)
    at module.exports (/home/nathan/Apps/node-template/node_modules/@hapi/hoek/lib/assert.js:20:11)
    at internals.Base.rule (/home/nathan/Apps/node-template/node_modules/@hapi/joi/lib/base.js:465:9)
    at internals.Base.method [as message] (/home/nathan/Apps/node-template/node_modules/@hapi/joi/lib/extend.js:145:29)
    at Object.<anonymous> (/home/nathan/Apps/node-template/src/schemas/sample.js:9:47)
    at Module._compile (internal/modules/cjs/loader.js:1176:30)
    at Object.Module._extensions..js (internal/modules/cjs/loader.js:1196:10)
    at Module.load (internal/modules/cjs/loader.js:1040:32)
    at Function.Module._load (internal/modules/cjs/loader.js:929:14)
    at Module.require (internal/modules/cjs/loader.js:1080:19)
    at require (internal/modules/cjs/helpers.js:72:18)
    at Object.<anonymous> (/home/nathan/Apps/node-template/src/services/sample/sample.js:8:22)
    at Module._compile (internal/modules/cjs/loader.js:1176:30)
    at Object.Module._extensions..js (internal/modules/cjs/loader.js:1196:10)
    at Module.load (internal/modules/cjs/loader.js:1040:32)
    at Function.Module._load (internal/modules/cjs/loader.js:929:14)
[2020-06-24T22:32:58.075Z : [31merror[39m] - uncaughtException: Cannot apply rules to empty ruleset or the last rule added does not support rule properties
Error: Cannot apply rules to empty ruleset or the last rule added does not support rule properties
    at new module.exports (/home/nathan/Apps/node-template/node_modules/@hapi/hoek/lib/error.js:23:19)
    at module.exports (/home/nathan/Apps/node-template/node_modules/@hapi/hoek/lib/assert.js:20:11)
    at internals.Base.rule (/home/nathan/Apps/node-template/node_modules/@hapi/joi/lib/base.js:465:9)
    at internals.Base.method [as message] (/home/nathan/Apps/node-template/node_modules/@hapi/joi/lib/extend.js:145:29)
    at Object.<anonymous> (/home/nathan/Apps/node-template/src/schemas/sample.js:9:47)
    at Module._compile (internal/modules/cjs/loader.js:1176:30)
    at Object.Module._extensions..js (internal/modules/cjs/loader.js:1196:10)
    at Module.load (internal/modules/cjs/loader.js:1040:32)
    at Function.Module._load (internal/modules/cjs/loader.js:929:14)
    at Module.require (internal/modules/cjs/loader.js:1080:19)
    at require (internal/modules/cjs/helpers.js:72:18)
    at Object.<anonymous> (/home/nathan/Apps/node-template/src/services/sample/sample.js:8:22)
    at Module._compile (internal/modules/cjs/loader.js:1176:30)
    at Object.Module._extensions..js (internal/modules/cjs/loader.js:1196:10)
    at Module.load (internal/modules/cjs/loader.js:1040:32)
    at Function.Module._load (internal/modules/cjs/loader.js:929:14)
[2020-06-24T22:33:01.341Z : [31merror[39m] - uncaughtException: Cannot apply rules to empty ruleset or the last rule added does not support rule properties
Error: Cannot apply rules to empty ruleset or the last rule added does not support rule properties
    at new module.exports (/home/nathan/Apps/node-template/node_modules/@hapi/hoek/lib/error.js:23:19)
    at module.exports (/home/nathan/Apps/node-template/node_modules/@hapi/hoek/lib/assert.js:20:11)
    at internals.Base.rule (/home/nathan/Apps/node-template/node_modules/@hapi/joi/lib/base.js:465:9)
    at internals.Base.method [as message] (/home/nathan/Apps/node-template/node_modules/@hapi/joi/lib/extend.js:145:29)
    at Object.<anonymous> (/home/nathan/Apps/node-template/src/schemas/sample.js:9:47)
    at Module._compile (internal/modules/cjs/loader.js:1176:30)
    at Object.Module._extensions..js (internal/modules/cjs/loader.js:1196:10)
    at Module.load (internal/modules/cjs/loader.js:1040:32)
    at Function.Module._load (internal/modules/cjs/loader.js:929:14)
    at Module.require (internal/modules/cjs/loader.js:1080:19)
    at require (internal/modules/cjs/helpers.js:72:18)
    at Object.<anonymous> (/home/nathan/Apps/node-template/src/services/sample/sample.js:8:22)
    at Module._compile (internal/modules/cjs/loader.js:1176:30)
    at Object.Module._extensions..js (internal/modules/cjs/loader.js:1196:10)
    at Module.load (internal/modules/cjs/loader.js:1040:32)
    at Function.Module._load (internal/modules/cjs/loader.js:929:14)
[2020-06-24T22:33:10.111Z : [31merror[39m] - uncaughtException: Cannot apply rules to empty ruleset or the last rule added does not support rule properties
Error: Cannot apply rules to empty ruleset or the last rule added does not support rule properties
    at new module.exports (/home/nathan/Apps/node-template/node_modules/@hapi/hoek/lib/error.js:23:19)
    at module.exports (/home/nathan/Apps/node-template/node_modules/@hapi/hoek/lib/assert.js:20:11)
    at internals.Base.rule (/home/nathan/Apps/node-template/node_modules/@hapi/joi/lib/base.js:465:9)
    at internals.Base.method [as message] (/home/nathan/Apps/node-template/node_modules/@hapi/joi/lib/extend.js:145:29)
    at Object.<anonymous> (/home/nathan/Apps/node-template/src/schemas/sample.js:9:47)
    at Module._compile (internal/modules/cjs/loader.js:1176:30)
    at Object.Module._extensions..js (internal/modules/cjs/loader.js:1196:10)
    at Module.load (internal/modules/cjs/loader.js:1040:32)
    at Function.Module._load (internal/modules/cjs/loader.js:929:14)
    at Module.require (internal/modules/cjs/loader.js:1080:19)
    at require (internal/modules/cjs/helpers.js:72:18)
    at Object.<anonymous> (/home/nathan/Apps/node-template/src/services/sample/sample.js:8:22)
    at Module._compile (internal/modules/cjs/loader.js:1176:30)
    at Object.Module._extensions..js (internal/modules/cjs/loader.js:1196:10)
    at Module.load (internal/modules/cjs/loader.js:1040:32)
    at Function.Module._load (internal/modules/cjs/loader.js:929:14)
[2020-06-24T22:33:35.738Z : [31merror[39m] - uncaughtException: Cannot apply rules to empty ruleset or the last rule added does not support rule properties
Error: Cannot apply rules to empty ruleset or the last rule added does not support rule properties
    at new module.exports (/home/nathan/Apps/node-template/node_modules/@hapi/hoek/lib/error.js:23:19)
    at module.exports (/home/nathan/Apps/node-template/node_modules/@hapi/hoek/lib/assert.js:20:11)
    at internals.Base.rule (/home/nathan/Apps/node-template/node_modules/@hapi/joi/lib/base.js:465:9)
    at internals.Base.method [as message] (/home/nathan/Apps/node-template/node_modules/@hapi/joi/lib/extend.js:145:29)
    at Object.<anonymous> (/home/nathan/Apps/node-template/src/schemas/sample.js:9:47)
    at Module._compile (internal/modules/cjs/loader.js:1176:30)
    at Object.Module._extensions..js (internal/modules/cjs/loader.js:1196:10)
    at Module.load (internal/modules/cjs/loader.js:1040:32)
    at Function.Module._load (internal/modules/cjs/loader.js:929:14)
    at Module.require (internal/modules/cjs/loader.js:1080:19)
    at require (internal/modules/cjs/helpers.js:72:18)
    at Object.<anonymous> (/home/nathan/Apps/node-template/src/services/sample/sample.js:8:22)
    at Module._compile (internal/modules/cjs/loader.js:1176:30)
    at Object.Module._extensions..js (internal/modules/cjs/loader.js:1196:10)
    at Module.load (internal/modules/cjs/loader.js:1040:32)
    at Function.Module._load (internal/modules/cjs/loader.js:929:14)
[2020-06-24T22:34:01.449Z : [31merror[39m] - uncaughtException: Cannot apply rules to empty ruleset or the last rule added does not support rule properties
Error: Cannot apply rules to empty ruleset or the last rule added does not support rule properties
    at new module.exports (/home/nathan/Apps/node-template/node_modules/@hapi/hoek/lib/error.js:23:19)
    at module.exports (/home/nathan/Apps/node-template/node_modules/@hapi/hoek/lib/assert.js:20:11)
    at internals.Base.rule (/home/nathan/Apps/node-template/node_modules/@hapi/joi/lib/base.js:465:9)
    at internals.Base.method [as message] (/home/nathan/Apps/node-template/node_modules/@hapi/joi/lib/extend.js:145:29)
    at Object.<anonymous> (/home/nathan/Apps/node-template/src/schemas/sample.js:9:47)
    at Module._compile (internal/modules/cjs/loader.js:1176:30)
    at Object.Module._extensions..js (internal/modules/cjs/loader.js:1196:10)
    at Module.load (internal/modules/cjs/loader.js:1040:32)
    at Function.Module._load (internal/modules/cjs/loader.js:929:14)
    at Module.require (internal/modules/cjs/loader.js:1080:19)
    at require (internal/modules/cjs/helpers.js:72:18)
    at Object.<anonymous> (/home/nathan/Apps/node-template/src/services/sample/sample.js:8:22)
    at Module._compile (internal/modules/cjs/loader.js:1176:30)
    at Object.Module._extensions..js (internal/modules/cjs/loader.js:1196:10)
    at Module.load (internal/modules/cjs/loader.js:1040:32)
    at Function.Module._load (internal/modules/cjs/loader.js:929:14)
[2020-06-24T22:34:48.115Z : [31merror[39m] - uncaughtException: Cannot apply rules to empty ruleset or the last rule added does not support rule properties
Error: Cannot apply rules to empty ruleset or the last rule added does not support rule properties
    at new module.exports (/home/nathan/Apps/node-template/node_modules/@hapi/hoek/lib/error.js:23:19)
    at module.exports (/home/nathan/Apps/node-template/node_modules/@hapi/hoek/lib/assert.js:20:11)
    at internals.Base.rule (/home/nathan/Apps/node-template/node_modules/@hapi/joi/lib/base.js:465:9)
    at internals.Base.method [as message] (/home/nathan/Apps/node-template/node_modules/@hapi/joi/lib/extend.js:145:29)
    at Object.<anonymous> (/home/nathan/Apps/node-template/src/schemas/sample.js:9:47)
    at Module._compile (internal/modules/cjs/loader.js:1176:30)
    at Object.Module._extensions..js (internal/modules/cjs/loader.js:1196:10)
    at Module.load (internal/modules/cjs/loader.js:1040:32)
    at Function.Module._load (internal/modules/cjs/loader.js:929:14)
    at Module.require (internal/modules/cjs/loader.js:1080:19)
    at require (internal/modules/cjs/helpers.js:72:18)
    at Object.<anonymous> (/home/nathan/Apps/node-template/src/services/sample/sample.js:8:22)
    at Module._compile (internal/modules/cjs/loader.js:1176:30)
    at Object.Module._extensions..js (internal/modules/cjs/loader.js:1196:10)
    at Module.load (internal/modules/cjs/loader.js:1040:32)
    at Function.Module._load (internal/modules/cjs/loader.js:929:14)
[2020-06-24T22:35:13.055Z : [31merror[39m] - uncaughtException: Cannot apply rules to empty ruleset or the last rule added does not support rule properties
Error: Cannot apply rules to empty ruleset or the last rule added does not support rule properties
    at new module.exports (/home/nathan/Apps/node-template/node_modules/@hapi/hoek/lib/error.js:23:19)
    at module.exports (/home/nathan/Apps/node-template/node_modules/@hapi/hoek/lib/assert.js:20:11)
    at internals.Base.rule (/home/nathan/Apps/node-template/node_modules/@hapi/joi/lib/base.js:465:9)
    at internals.Base.method [as message] (/home/nathan/Apps/node-template/node_modules/@hapi/joi/lib/extend.js:145:29)
    at Object.<anonymous> (/home/nathan/Apps/node-template/src/schemas/sample.js:9:47)
    at Module._compile (internal/modules/cjs/loader.js:1176:30)
    at Object.Module._extensions..js (internal/modules/cjs/loader.js:1196:10)
    at Module.load (internal/modules/cjs/loader.js:1040:32)
    at Function.Module._load (internal/modules/cjs/loader.js:929:14)
    at Module.require (internal/modules/cjs/loader.js:1080:19)
    at require (internal/modules/cjs/helpers.js:72:18)
    at Object.<anonymous> (/home/nathan/Apps/node-template/src/services/sample/sample.js:8:22)
    at Module._compile (internal/modules/cjs/loader.js:1176:30)
    at Object.Module._extensions..js (internal/modules/cjs/loader.js:1196:10)
    at Module.load (internal/modules/cjs/loader.js:1040:32)
    at Function.Module._load (internal/modules/cjs/loader.js:929:14)
[2020-06-24T22:35:15.193Z : [31merror[39m] - uncaughtException: Cannot apply rules to empty ruleset or the last rule added does not support rule properties
Error: Cannot apply rules to empty ruleset or the last rule added does not support rule properties
    at new module.exports (/home/nathan/Apps/node-template/node_modules/@hapi/hoek/lib/error.js:23:19)
    at module.exports (/home/nathan/Apps/node-template/node_modules/@hapi/hoek/lib/assert.js:20:11)
    at internals.Base.rule (/home/nathan/Apps/node-template/node_modules/@hapi/joi/lib/base.js:465:9)
    at internals.Base.method [as message] (/home/nathan/Apps/node-template/node_modules/@hapi/joi/lib/extend.js:145:29)
    at Object.<anonymous> (/home/nathan/Apps/node-template/src/schemas/sample.js:9:47)
    at Module._compile (internal/modules/cjs/loader.js:1176:30)
    at Object.Module._extensions..js (internal/modules/cjs/loader.js:1196:10)
    at Module.load (internal/modules/cjs/loader.js:1040:32)
    at Function.Module._load (internal/modules/cjs/loader.js:929:14)
    at Module.require (internal/modules/cjs/loader.js:1080:19)
    at require (internal/modules/cjs/helpers.js:72:18)
    at Object.<anonymous> (/home/nathan/Apps/node-template/src/services/sample/sample.js:8:22)
    at Module._compile (internal/modules/cjs/loader.js:1176:30)
    at Object.Module._extensions..js (internal/modules/cjs/loader.js:1196:10)
    at Module.load (internal/modules/cjs/loader.js:1040:32)
    at Function.Module._load (internal/modules/cjs/loader.js:929:14)
[2020-06-24T22:35:39.841Z : [31merror[39m] - uncaughtException: Cannot apply rules to empty ruleset or the last rule added does not support rule properties
Error: Cannot apply rules to empty ruleset or the last rule added does not support rule properties
    at new module.exports (/home/nathan/Apps/node-template/node_modules/@hapi/hoek/lib/error.js:23:19)
    at module.exports (/home/nathan/Apps/node-template/node_modules/@hapi/hoek/lib/assert.js:20:11)
    at internals.Base.rule (/home/nathan/Apps/node-template/node_modules/@hapi/joi/lib/base.js:465:9)
    at internals.Base.method [as message] (/home/nathan/Apps/node-template/node_modules/@hapi/joi/lib/extend.js:145:29)
    at Object.<anonymous> (/home/nathan/Apps/node-template/src/schemas/sample.js:9:47)
    at Module._compile (internal/modules/cjs/loader.js:1176:30)
    at Object.Module._extensions..js (internal/modules/cjs/loader.js:1196:10)
    at Module.load (internal/modules/cjs/loader.js:1040:32)
    at Function.Module._load (internal/modules/cjs/loader.js:929:14)
    at Module.require (internal/modules/cjs/loader.js:1080:19)
    at require (internal/modules/cjs/helpers.js:72:18)
    at Object.<anonymous> (/home/nathan/Apps/node-template/src/services/sample/sample.js:8:22)
    at Module._compile (internal/modules/cjs/loader.js:1176:30)
    at Object.Module._extensions..js (internal/modules/cjs/loader.js:1196:10)
    at Module.load (internal/modules/cjs/loader.js:1040:32)
    at Function.Module._load (internal/modules/cjs/loader.js:929:14)
[2020-06-24T22:41:46.010Z : [31merror[39m] - uncaughtException: handler is not defined
ReferenceError: handler is not defined
    at Observable.subscribe (/home/nathan/Apps/node-template/src/utilities/observable.js:41:21)
    at new SampleService (/home/nathan/Apps/node-template/src/services/sample/sample.js:29:21)
    at Object.<anonymous> (/home/nathan/Apps/node-template/src/services/sample/sample.js:140:18)
    at Module._compile (internal/modules/cjs/loader.js:1176:30)
    at Object.Module._extensions..js (internal/modules/cjs/loader.js:1196:10)
    at Module.load (internal/modules/cjs/loader.js:1040:32)
    at Function.Module._load (internal/modules/cjs/loader.js:929:14)
    at Module.require (internal/modules/cjs/loader.js:1080:19)
    at require (internal/modules/cjs/helpers.js:72:18)
    at Object.<anonymous> (/home/nathan/Apps/node-template/src/routes/sample.js:6:24)
    at Module._compile (internal/modules/cjs/loader.js:1176:30)
    at Object.Module._extensions..js (internal/modules/cjs/loader.js:1196:10)
    at Module.load (internal/modules/cjs/loader.js:1040:32)
    at Function.Module._load (internal/modules/cjs/loader.js:929:14)
    at Module.require (internal/modules/cjs/loader.js:1080:19)
    at require (internal/modules/cjs/helpers.js:72:18)
